 Calculate Cross Sections from Resonance Parameters (RECENT 2023-1)
 ==============================================================================
 Retrieval Criteria-----------        MAT
 File 2 Mimimum Cross Section- 1.0000E-30 (No Longer an Input Option)
 Reactions with No Background-     Output (Resonance Contribution)
 Calculate/Edit Mode----------  Calculate. List Resonance Parameters.  
 Negative Cross Sections------   Make = 0 (No Negative Output)     
 Monitor Mode-----------------         On
 ==============================================================================
 ENDF/B Input and Output Data Filenames
 n-Y099.res.tendl.2025                                                   
 n-Y099.res.point0                                                       
 ==============================================================================
 Requested MAT Ranges
 ==============================================================================
    Mimimum    Maximum
 ==============================================================================
          1       9999
 ==============================================================================
 File 2 Reconstruction Error
 ==============================================================================
      Energy      Error   per-cent
 ==============================================================================
  0.0         .001000000      0.100 (Default Option)
 ==============================================================================
 ENDF/B Tape Label
 ==============================================================================
  n-Y099.res.tendl.2025: Merger of MF1 and MF2                       99
 ******************************************************************************
 Processing  39-Y -99    MAT= 3955
 ******************************************************************************
 Based on the Format and Contents of MF/MT=1/451
 (1) ENDF/B-6  Format.
 (2) Material is NOT Fissile (LFI=0).
 (3) Resonance Parameters are Given (LRP=1).
 (4) Projectile ZA =      1 (Neutron).
 (5) Background Temperature  0.0        Kelvin.
 ==============================================================================
 Listing of All Resonance Parameters
 ==============================================================================
 Element or Material------------------ 39-Y -99   
 Atomic Weight Ratio------------------ 98.0743500
 Number of Isotopes-------------------          1
 ==============================================================================
 Isotope Number-----------------------          1
 Isotope------------------------------ 39-Y -99   
 Fractional Abundance----------------- 1.00000000
 LFW (Fission Widths)-----------------          0 (No Fission Widths)        
 Number of Energy Ranges--------------          2
 ==============================================================================
 Lower Limit of the Energy Range------ 1.00000E-5 eV
 Upper Limit of the Energy Range------ 2186.64000 eV
 LRU (Type of Region)-----------------          1 (Resolved Region)          
 LRF (Type of Resolved Parameters)----          2 (Multi-Level Breit-Wigner) 
 NRO (Scattering Radius)--------------          0 (Energy Independent)        
 NAPS (Channel Radius)----------------          1 (= Scattering Radius)       
 ==============================================================================
 Nuclear Spin of Target--------------- 2.50000000
 Effective Scattering Radius (A+)----- .659788000
 Number of L Values-------------------          3
 ==============================================================================
 Atomic Weight Ratio of Isotope------- 98.1495400
 Competitive Reaction Q Value--------- 0.0        eV
 Angular Momentum (L)-----------------          0
 LRX (Competitive Widths)-------------          0 (No Competitive Widths)                 
 Number of Resonances-----------------         31
 ==============================================================================
 Multi-Level Breit-Wigner Resonance Parameters
 ==============================================================================
      Energy  J Value      Total    Neutron    Capture    Fission Competition
        (eV)                (eV)       (eV)       (eV)       (eV)        (eV)
 ==============================================================================
 -310.655500   2.00   4.50957100 4.48394200 .025628590 0.0         0.0       
 -242.882600   2.00   .141794600 .116166100 .025628590 0.0         0.0       
 -125.504200   2.00   .029832270 .004203684 .025628590 0.0         0.0       
  95.6260800   2.00   .661786800 .636158200 .025628590 0.0         0.0       
  237.820100   2.00   5.60772700 5.58209900 .025628590 0.0         0.0       
  750.884500   2.00   .424259100 .398630500 .025628590 0.0         0.0       
  896.510100   2.00   5.92683400 5.90120500 .025628590 0.0         0.0       
  1011.90800   2.00   2.58970300 2.56407400 .025628590 0.0         0.0       
  1159.36300   2.00   .051686030 .026057440 .025628590 0.0         0.0       
  1437.74600   2.00   1.87613400 1.85050600 .025628590 0.0         0.0       
  1592.08900   2.00   2.49886700 2.47323800 .025628590 0.0         0.0       
  1843.24700   2.00   4.59730200 4.57167400 .025628590 0.0         0.0       
  2171.42500   2.00   8.55828700 8.53265900 .025628590 0.0         0.0       
  2186.64000   2.00   33.9223400 33.8967100 .025628590 0.0         0.0       
 ------------------------------------------------------------------------------
 -407.645300   3.00   6.91839300 6.89529600 .023097720 0.0         0.0       
 -124.470500   3.00   .195578000 .172480300 .023097720 0.0         0.0       
 -48.0539700   3.00   .365120000 .342022300 .023097720 0.0         0.0       
  53.3344300   3.00   2.35356100 2.33046400 .023097720 0.0         0.0       
  119.125800   3.00   .089072170 .065974450 .023097720 0.0         0.0       
  307.863200   3.00   .068694750 .045597030 .023097720 0.0         0.0       
  475.418900   3.00   9.49262600 9.46952800 .023097720 0.0         0.0       
  531.996300   3.00   2.97181100 2.94871300 .023097720 0.0         0.0       
  689.741300   3.00   .0231065308.811887E-6 .023097720 0.0         0.0       
  946.021000   3.00   4.92452100 4.90142300 .023097720 0.0         0.0       
  999.351900   3.00   19.8578600 19.8347600 .023097720 0.0         0.0       
  1143.73500   3.00   6.99860200 6.97550400 .023097720 0.0         0.0       
  1307.73700   3.00   1.01852700 .995429700 .023097720 0.0         0.0       
  1639.55000   3.00   2.93902300 2.91592500 .023097720 0.0         0.0       
  1836.48100   3.00   .324408200 .301310500 .023097720 0.0         0.0       
  1973.97900   3.00   2.62839800 2.60530000 .023097720 0.0         0.0       
  2044.48000   3.00   .404450300 .381352600 .023097720 0.0         0.0       
 ------------------------------------------------------------------------------
 WARNING - Above (L, j) sequence tabulates resonances up to 2044.48000
           Does not span the entire Resolved Region up to   2186.64000
 ==============================================================================
 Atomic Weight Ratio of Isotope------- 98.1495400
 Competitive Reaction Q Value--------- 0.0        eV
 Angular Momentum (L)-----------------          1
 LRX (Competitive Widths)-------------          0 (No Competitive Widths)                 
 Number of Resonances-----------------         27
 ------------------------------------------------------------------------------
 WARNING...WARNING...WARNING...WARNING...WARNING...WARNING...WARNING...WARNING
 L= 1 J =  2.000 Corresponds to 2 Resonance Sequences.
 L= 1 J =  3.000 Corresponds to 2 Resonance Sequences.
 ------------------------------------------------------------------------------
 ==============================================================================
 Multi-Level Breit-Wigner Resonance Parameters
 ==============================================================================
      Energy  J Value      Total    Neutron    Capture    Fission Competition
        (eV)                (eV)       (eV)       (eV)       (eV)        (eV)
 ==============================================================================
 -787.070600   1.00   1.21839100 1.18968700 .028704250 0.0         0.0       
 -559.652100   1.00   .071320940 .042616690 .028704250 0.0         0.0       
 -197.336200   1.00   .091196820 .062492570 .028704250 0.0         0.0       
  607.123700   1.00   .218312300 .189608100 .028704250 0.0         0.0       
  1280.80600   1.00   .422860600 .394156400 .028704250 0.0         0.0       
  2179.15000   1.00   .221855200 .193151000 .028704250 0.0         0.0       
 ------------------------------------------------------------------------------
 WARNING - Above (L, j) sequence tabulates resonances up to 2179.15000
           Does not span the entire Resolved Region up to   2186.64000
 ------------------------------------------------------------------------------
 -482.143800   2.00   .036344850 .008372709 .027972140 0.0         0.0       
 -359.428500   2.00   .040037620 .012065480 .027972140 0.0         0.0       
 -148.187800   2.00   .041681920 .013709780 .027972140 0.0         0.0       
  786.940800   2.00   .118968600 .090996420 .027972140 0.0         0.0       
  2118.87900   2.00   .179249600 .151277400 .027972140 0.0         0.0       
 ------------------------------------------------------------------------------
 WARNING - Above (L, j) sequence tabulates resonances up to 2118.87900
           Does not span the entire Resolved Region up to   2186.64000
 ------------------------------------------------------------------------------
 -617.498300   3.00   .038863570 .014148820 .024714750 0.0         0.0       
 -411.624800   3.00   .028503510 .003788757 .024714750 0.0         0.0       
 -271.369900   3.00   .0251485704.338166E-4 .024714750 0.0         0.0       
  1238.32300   3.00   .214249000 .189534200 .024714750 0.0         0.0       
  1471.29400   3.00   .121771600 .097056890 .024714750 0.0         0.0       
  1647.92700   3.00   .160473600 .135758900 .024714750 0.0         0.0       
  2020.64500   3.00   .336221800 .311507000 .024714750 0.0         0.0       
  2140.59800   3.00   .470686100 .445971400 .024714750 0.0         0.0       
 ------------------------------------------------------------------------------
 WARNING - Above (L, j) sequence tabulates resonances up to 2140.59800
           Does not span the entire Resolved Region up to   2186.64000
 ------------------------------------------------------------------------------
 -213.624800   4.00   .029296290 .006627512 .022668780 0.0         0.0       
 -162.222400   4.00   .025329870 .002661091 .022668780 0.0         0.0       
 -88.2722200   4.00   .034739430 .012070650 .022668780 0.0         0.0       
  1142.31400   4.00   .119793500 .097124760 .022668780 0.0         0.0       
  1264.36500   4.00   .831498000 .808829200 .022668780 0.0         0.0       
  1451.03900   4.00   .109595900 .086927130 .022668780 0.0         0.0       
  1510.80300   4.00   .094842110 .072173330 .022668780 0.0         0.0       
  1890.51300   4.00   .797543200 .774874400 .022668780 0.0         0.0       
 ------------------------------------------------------------------------------
 WARNING - Above (L, j) sequence tabulates resonances up to 1890.51300
           Does not span the entire Resolved Region up to   2186.64000
 ------------------------------------------------------------------------------
 WARNING...WARNING...WARNING...WARNING...WARNING...WARNING...WARNING...WARNING
 FOR L =  1 Expect Sum of Statistical Weights (GJ) to Equal
 (2*L + 1) =  3.000
 Found     =  2.000
 Corrective Action Will be Taken to Correctly Calculate
 the Potential Scattering Cross Section - This Procedure is
 Based on the Decision of the National Nuclear Data Center,
 Brookhaven National Laboratory, Private Communication,
 Charles Dunford, (April 1991)
 ==============================================================================
 Atomic Weight Ratio of Isotope------- 98.1495400
 Competitive Reaction Q Value--------- 0.0        eV
 Angular Momentum (L)-----------------          2
 LRX (Competitive Widths)-------------          0 (No Competitive Widths)                 
 Number of Resonances-----------------         41
 ------------------------------------------------------------------------------
 WARNING...WARNING...WARNING...WARNING...WARNING...WARNING...WARNING...WARNING
 L= 2 J =  1.000 Corresponds to 2 Resonance Sequences.
 L= 2 J =  2.000 Corresponds to 2 Resonance Sequences.
 L= 2 J =  3.000 Corresponds to 2 Resonance Sequences.
 L= 2 J =  4.000 Corresponds to 2 Resonance Sequences.
 ------------------------------------------------------------------------------
 ==============================================================================
 Multi-Level Breit-Wigner Resonance Parameters
 ==============================================================================
      Energy  J Value      Total    Neutron    Capture    Fission Competition
        (eV)                (eV)       (eV)       (eV)       (eV)        (eV)
 ==============================================================================
 -3073.58600   0.00   .030931580 1.42516E-5 .030917330 0.0         0.0       
 -2444.60400   0.00   .0309365001.917137E-5 .030917330 0.0         0.0       
 -2214.32300   0.00   .030919500 2.17423E-6 .030917330 0.0         0.0       
  703.421000   0.00   .0309281301.080415E-5 .030917330 0.0         0.0       
  1728.48200   0.00   .030942250 2.49211E-5 .030917330 0.0         0.0       
 ------------------------------------------------------------------------------
 WARNING - Above (L, j) sequence tabulates resonances up to 1728.48200
           Does not span the entire Resolved Region up to   2186.64000
 ------------------------------------------------------------------------------
 -1031.51800   1.00   .0270008505.731408E-8 .027000790 0.0         0.0       
 -856.290300   1.00   .027000810 1.94174E-8 .027000790 0.0         0.0       
 -714.340600   1.00   .0270012604.702253E-7 .027000790 0.0         0.0       
  895.945100   1.00   .0270049904.200322E-6 .027000790 0.0         0.0       
  1483.35200   1.00   .027010780 9.98587E-6 .027000790 0.0         0.0       
  1722.25100   1.00   .027074000 7.32128E-5 .027000790 0.0         0.0       
  1928.48400   1.00   .027003450 2.66355E-6 .027000790 0.0         0.0       
 ------------------------------------------------------------------------------
 WARNING - Above (L, j) sequence tabulates resonances up to 1928.48400
           Does not span the entire Resolved Region up to   2186.64000
 ------------------------------------------------------------------------------
 -631.230700   2.00   .0256519701.627768E-6 .025650340 0.0         0.0       
 -556.291300   2.00   .0256508204.834411E-7 .025650340 0.0         0.0       
 -447.072000   2.00   .0256503905.003361E-8 .025650340 0.0         0.0       
  933.184900   2.00   .0256565006.161165E-6 .025650340 0.0         0.0       
  1172.23600   2.00   .0256536403.295159E-6 .025650340 0.0         0.0       
  1412.10500   2.00   .0256528102.467929E-6 .025650340 0.0         0.0       
  1668.54700   2.00   .0256522701.927116E-6 .025650340 0.0         0.0       
  1902.87900   2.00   .0256519201.578394E-6 .025650340 0.0         0.0       
  2165.87800   2.00   .0256562805.938351E-6 .025650340 0.0         0.0       
 ------------------------------------------------------------------------------
 WARNING - Above (L, j) sequence tabulates resonances up to 2165.87800
           Does not span the entire Resolved Region up to   2186.64000
 ------------------------------------------------------------------------------
 -382.178000   3.00   .0231199302.360145E-7 .023119690 0.0         0.0       
 -282.248300   3.00   .0231199002.118238E-7 .023119690 0.0         0.0       
  1554.04200   3.00   .0231218302.138216E-6 .023119690 0.0         0.0       
  1625.68700   3.00   .023123770 4.07759E-6 .023119690 0.0         0.0       
  1684.39300   3.00   .0231228103.117681E-6 .023119690 0.0         0.0       
  1887.91400   3.00   .0231375401.784891E-5 .023119690 0.0         0.0       
  2036.40900   3.00   .0231256105.920718E-6 .023119690 0.0         0.0       
 ------------------------------------------------------------------------------
 WARNING - Above (L, j) sequence tabulates resonances up to 2036.40900
           Does not span the entire Resolved Region up to   2186.64000
 ------------------------------------------------------------------------------
 -517.753700   4.00   .0215048401.458929E-7 .021504690 0.0         0.0       
 -273.501200   4.00   .0215047304.269978E-8 .021504690 0.0         0.0       
  1299.22400   4.00   .0215063001.613656E-6 .021504690 0.0         0.0       
  1408.72100   4.00   .0215180601.337344E-5 .021504690 0.0         0.0       
  2118.35700   4.00   .0215149801.029424E-5 .021504690 0.0         0.0       
 ------------------------------------------------------------------------------
 WARNING - Above (L, j) sequence tabulates resonances up to 2118.35700
           Does not span the entire Resolved Region up to   2186.64000
 ------------------------------------------------------------------------------
 -594.616900   5.00   .0196247003.093583E-9 .019624700 0.0         0.0       
 -484.131100   5.00   .0196249001.961235E-7 .019624700 0.0         0.0       
 -124.547100   5.00   .0196247002.789874E-9 .019624700 0.0         0.0       
  1096.76300   5.00   .0196404401.574149E-5 .019624700 0.0         0.0       
  1512.62100   5.00   .0196271002.400301E-6 .019624700 0.0         0.0       
  1756.78200   5.00   .0196286103.912525E-6 .019624700 0.0         0.0       
  1830.42900   5.00   .0196322007.497543E-6 .019624700 0.0         0.0       
  1929.91100   5.00   .0196354701.077423E-5 .019624700 0.0         0.0       
 ------------------------------------------------------------------------------
 WARNING - Above (L, j) sequence tabulates resonances up to 1929.91100
           Does not span the entire Resolved Region up to   2186.64000
 ------------------------------------------------------------------------------
 WARNING...WARNING...WARNING...WARNING...WARNING...WARNING...WARNING...WARNING
 FOR L =  2 Expect Sum of Statistical Weights (GJ) to Equal
 (2*L + 1) =  5.000
 Found     =  3.000
 Corrective Action Will be Taken to Correctly Calculate
 the Potential Scattering Cross Section - This Procedure is
 Based on the Decision of the National Nuclear Data Center,
 Brookhaven National Laboratory, Private Communication,
 Charles Dunford, (April 1991)
 ==============================================================================
 Lower Limit of the Energy Range------ 2186.64000 eV
 Upper Limit of the Energy Range------ 123871.000 eV
 LRU (Type of Region)-----------------          2 (Unresolved Region)        
 LRF (Energy Dependence of Widths)----          2 (All Energy Dependent)     
 NRO (Scattering Radius)--------------          0 (Energy Independent)        
 NAPS (Channel Radius)----------------          0 (Calculate)                 
 ==============================================================================
 All Unresolved Parameters Energy Dependent
 ==============================================================================
 Nuclear Spin of Target--------------- 2.50000000
 Effective Scattering Radius (A+)----- .659788000
 LSSF---------------------------------          1 (Included in File 3)
 Number of L Values-------------------          3
 ==============================================================================
 WARNING...WARNING...WARNING...WARNING...WARNING...WARNING...WARNING...WARNING
 Note, LSSF= 1 Indicates that the Resonance Contribution
 of this section of Resonance Parameters (MF=2) has already
 been added to the Cross Sections (MF=3). This section will be
 read, but Ignored in ALL Resonance Calculations.
 ==============================================================================
 Atomic Weight Ratio of Isotope------- 98.1495400
 L Value------------------------------          0
 Number of J Values-------------------          2
 ==============================================================================
                                 Degrees of Freedom
 ==============================================================================
   Interpolation  J Value  Competition    Neutron   Capture     Fission
        Law
 ==============================================================================
 2 (Lin X-Lin Y)     2.00        0.00        1.00       0.00       0.00
 ==============================================================================
 Resonance Parameters
 ==============================================================================
      Energy     Level Competition    Neutron    Capture    Fission      Total
                Spacing      Width      Width      Width      Width      Width
        (eV)       (eV)       (eV)       (eV)       (eV)       (eV)       (eV)
 ==============================================================================
  2186.64000 206.588000 0.0        .010171300 .025633200 0.0        .035804500
  2400.00000 206.529000 0.0        .010165200 .025635700 0.0        .035800900
  3200.00000 206.291000 0.0        .010141700 .025645700 0.0        .035787400
  3800.00000 206.113000 0.0        .010125100 .025653200 0.0        .035778300
  4800.00000 205.816000 0.0        .010098800 .025665700 0.0        .035764500
  6500.00000 205.312000 0.0        .010056800 .025686900 0.0        .035743700
  13000.0000 203.399000 0.0        .009913290 .025768200 0.0        .035681490
  16000.0000 202.522000 0.0        .009852220 .025805800 0.0        .035658020
  17000.0000 202.231000 0.0        .009832380 .025818300 0.0        .035650680
  20000.0000 201.360000 0.0        .009774030 .025856100 0.0        .035630130
  30000.0000 198.484000 0.0        .009589630 .025982100 0.0        .035571730
  40000.0000 195.652000 0.0        .009416090 .026108800 0.0        .035524890
  48000.0000 193.418000 0.0        .009283050 .026210500 0.0        .035493550
  50000.0000 192.863000 0.0        .009250440 .026236000 0.0        .035486440
  70000.0000 187.412000 0.0        .008936810 .026492600 0.0        .035429410
  76000.0000 185.809000 0.0        .008846530 .026570200 0.0        .035416730
  84000.0000 183.694000 0.0        .008728520 .026674000 0.0        .035402520
  88000.0000 182.647000 0.0        .008670450 .026726000 0.0        .035396450
  100000.000 179.542000 0.0        .008499890 .026882700 0.0        .035382590
  123871.000 174.491000 0.0        .008226510 .027145800 0.0        .035372310
 ==============================================================================
                                 Degrees of Freedom
 ==============================================================================
   Interpolation  J Value  Competition    Neutron   Capture     Fission
        Law
 ==============================================================================
 2 (Lin X-Lin Y)     3.00        0.00        1.00       0.00       0.00
 ==============================================================================
 Resonance Parameters
 ==============================================================================
      Energy     Level Competition    Neutron    Capture    Fission      Total
                Spacing      Width      Width      Width      Width      Width
        (eV)       (eV)       (eV)       (eV)       (eV)       (eV)       (eV)
 ==============================================================================
  2186.64000 169.911000 0.0        .008365510 .023102400 0.0        .031467910
  2400.00000 169.862000 0.0        .008360430 .023104900 0.0        .031465330
  3200.00000 169.664000 0.0        .008341050 .023115000 0.0        .031456050
  3800.00000 169.516000 0.0        .008327330 .023122600 0.0        .031449930
  4800.00000 169.270000 0.0        .008305590 .023135200 0.0        .031440790
  6500.00000 168.851000 0.0        .008270870 .023156600 0.0        .031427470
  13000.0000 167.263000 0.0        .008152070 .023238700 0.0        .031390770
  16000.0000 166.534000 0.0        .008101510 .023276600 0.0        .031378110
  17000.0000 166.293000 0.0        .008085090 .023289300 0.0        .031374390
  20000.0000 165.569000 0.0        .008036770 .023327300 0.0        .031364070
  30000.0000 163.182000 0.0        .007884050 .023454400 0.0        .031338450
  40000.0000 160.832000 0.0        .007740300 .023582000 0.0        .031322300
  48000.0000 158.977000 0.0        .007630090 .023684400 0.0        .031314490
  50000.0000 158.518000 0.0        .007603080 .023710100 0.0        .031313180
  70000.0000 153.995000 0.0        .007343290 .023968300 0.0        .031311590
  76000.0000 152.665000 0.0        .007268510 .024046100 0.0        .031314610
  84000.0000 150.911000 0.0        .007170760 .024150300 0.0        .031321060
  88000.0000 150.042000 0.0        .007122670 .024202500 0.0        .031325170
  100000.000 147.467000 0.0        .006981420 .024359800 0.0        .031341220
  123871.000 143.280000 0.0        .006755050 .024623500 0.0        .031378550
 ------------------------------------------------------------------------------
 WARNING...WARNING...WARNING...WARNING...WARNING...WARNING...WARNING...WARNING
 FOR L =  0 Expect Sum of Statistical Weights (GJ) to Equal
 (2*L + 1) =  1.000
 Found     =  3.000
 Corrective Action Will be Taken to Correctly Calculate
 the Potential Scattering Cross Section - This Procedure is
 Based on the Decision of the National Nuclear Data Center,
 Brookhaven National Laboratory, Private Communication,
 Charles Dunford, (April 1991)
 ==============================================================================
 Atomic Weight Ratio of Isotope------- 98.1495400
 L Value------------------------------          1
 Number of J Values-------------------          4
 ==============================================================================
                                 Degrees of Freedom
 ==============================================================================
   Interpolation  J Value  Competition    Neutron   Capture     Fission
        Law
 ==============================================================================
 2 (Lin X-Lin Y)     1.00        0.00        1.00       0.00       0.00
 ==============================================================================
 Resonance Parameters
 ==============================================================================
      Energy     Level Competition    Neutron    Capture    Fission      Total
                Spacing      Width      Width      Width      Width      Width
        (eV)       (eV)       (eV)       (eV)       (eV)       (eV)       (eV)
 ==============================================================================
  2186.64000 313.419000 0.0        .223282000 .028708700 0.0        .251990700
  2400.00000 313.329000 0.0        .223300000 .028711200 0.0        .252011200
  3200.00000 312.971000 0.0        .223393000 .028721000 0.0        .252114000
  3800.00000 312.702000 0.0        .223438000 .028728400 0.0        .252166400
  4800.00000 312.255000 0.0        .223502000 .028740700 0.0        .252242700
  6500.00000 311.496000 0.0        .223612000 .028761500 0.0        .252373500
  13000.0000 308.611000 0.0        .223646000 .028841300 0.0        .252487300
  16000.0000 307.289000 0.0        .223554000 .028878200 0.0        .252432200
  17000.0000 306.850000 0.0        .223498000 .028890500 0.0        .252388500
  20000.0000 305.537000 0.0        .223283000 .028927500 0.0        .252210500
  30000.0000 301.201000 0.0        .222111000 .029051100 0.0        .251162100
  40000.0000 296.932000 0.0        .220272000 .029175200 0.0        .249447200
  48000.0000 293.562000 0.0        .218401000 .029274900 0.0        .247675900
  50000.0000 292.726000 0.0        .217884000 .029299900 0.0        .247183900
  70000.0000 284.505000 0.0        .211791000 .029551100 0.0        .241342100
  76000.0000 282.086000 0.0        .209670000 .029626800 0.0        .239296800
  84000.0000 278.896000 0.0        .206676000 .029728600 0.0        .236404600
  88000.0000 277.316000 0.0        .205115000 .029779500 0.0        .234894500
  100000.000 272.631000 0.0        .200215000 .029933100 0.0        .230148100
  123871.000 265.009000 0.0        .191501000 .030190400 0.0        .221691400
 ==============================================================================
                                 Degrees of Freedom
 ==============================================================================
   Interpolation  J Value  Competition    Neutron   Capture     Fission
        Law
 ==============================================================================
 2 (Lin X-Lin Y)     2.00        0.00        1.00       0.00       0.00
 ==============================================================================
 Resonance Parameters
 ==============================================================================
      Energy     Level Competition    Neutron    Capture    Fission      Total
                Spacing      Width      Width      Width      Width      Width
        (eV)       (eV)       (eV)       (eV)       (eV)       (eV)       (eV)
 ==============================================================================
  2186.64000 206.588000 0.0        .118457000 .027976500 0.0        .146433500
  2400.00000 206.529000 0.0        .118470000 .027978900 0.0        .146448900
  3200.00000 206.291000 0.0        .118532000 .027988400 0.0        .146520400
  3800.00000 206.113000 0.0        .118566000 .027995600 0.0        .146561600
  4800.00000 205.816000 0.0        .118617000 .028007500 0.0        .146624500
  6500.00000 205.312000 0.0        .118708000 .028027700 0.0        .146735700
  13000.0000 203.399000 0.0        .118868000 .028105100 0.0        .146973100
  16000.0000 202.522000 0.0        .118897000 .028140900 0.0        .147037900
  17000.0000 202.231000 0.0        .118893000 .028152900 0.0        .147045900
  20000.0000 201.360000 0.0        .118862000 .028188800 0.0        .147050800
  30000.0000 198.484000 0.0        .118549000 .028308900 0.0        .146857900
  40000.0000 195.652000 0.0        .117920000 .028429500 0.0        .146349500
  48000.0000 193.418000 0.0        .117225000 .028526300 0.0        .145751300
  50000.0000 192.863000 0.0        .117028000 .028550600 0.0        .145578600
  70000.0000 187.412000 0.0        .114600000 .028794700 0.0        .143394700
  76000.0000 185.809000 0.0        .113723000 .028868300 0.0        .142591300
  84000.0000 183.694000 0.0        .112465000 .028967000 0.0        .141432000
  88000.0000 182.647000 0.0        .111802000 .029016500 0.0        .140818500
  100000.000 179.542000 0.0        .109691000 .029165500 0.0        .138856500
  123871.000 174.491000 0.0        .105847000 .029415400 0.0        .135262400
 ==============================================================================
                                 Degrees of Freedom
 ==============================================================================
   Interpolation  J Value  Competition    Neutron   Capture     Fission
        Law
 ==============================================================================
 2 (Lin X-Lin Y)     3.00        0.00        1.00       0.00       0.00
 ==============================================================================
 Resonance Parameters
 ==============================================================================
      Energy     Level Competition    Neutron    Capture    Fission      Total
                Spacing      Width      Width      Width      Width      Width
        (eV)       (eV)       (eV)       (eV)       (eV)       (eV)       (eV)
 ==============================================================================
  2186.64000 169.911000 0.0        .097426700 .024719200 0.0        .122145900
  2400.00000 169.862000 0.0        .097436700 .024721700 0.0        .122158400
  3200.00000 169.664000 0.0        .097486900 .024731400 0.0        .122218300
  3800.00000 169.516000 0.0        .097513700 .024738700 0.0        .122252400
  4800.00000 169.270000 0.0        .097554500 .024750900 0.0        .122305400
  6500.00000 168.851000 0.0        .097626500 .024771600 0.0        .122398100
  13000.0000 167.263000 0.0        .097749900 .024850800 0.0        .122600700
  16000.0000 166.534000 0.0        .097769100 .024887400 0.0        .122656500
  17000.0000 166.293000 0.0        .097764800 .024899700 0.0        .122664500
  20000.0000 165.569000 0.0        .097734900 .024936400 0.0        .122671300
  30000.0000 163.182000 0.0        .097464200 .025059100 0.0        .122523300
  40000.0000 160.832000 0.0        .096933500 .025182300 0.0        .122115800
  48000.0000 158.977000 0.0        .096352100 .025281200 0.0        .121633300
  50000.0000 158.518000 0.0        .096187400 .025306000 0.0        .121493400
  70000.0000 153.995000 0.0        .094166100 .025554900 0.0        .119721000
  76000.0000 152.665000 0.0        .093437300 .025630000 0.0        .119067300
  84000.0000 150.911000 0.0        .092393700 .025730400 0.0        .118124100
  88000.0000 150.042000 0.0        .091844000 .025780800 0.0        .117624800
  100000.000 147.467000 0.0        .090095200 .025932400 0.0        .116027600
  123871.000 143.280000 0.0        .086914400 .026186700 0.0        .113101100
 ==============================================================================
                                 Degrees of Freedom
 ==============================================================================
   Interpolation  J Value  Competition    Neutron   Capture     Fission
        Law
 ==============================================================================
 2 (Lin X-Lin Y)     4.00        0.00        1.00       0.00       0.00
 ==============================================================================
 Resonance Parameters
 ==============================================================================
      Energy     Level Competition    Neutron    Capture    Fission      Total
                Spacing      Width      Width      Width      Width      Width
        (eV)       (eV)       (eV)       (eV)       (eV)       (eV)       (eV)
 ==============================================================================
  2186.64000 159.491000 0.0        .113622000 .022673100 0.0        .136295100
  2400.00000 159.444000 0.0        .113630000 .022675500 0.0        .136305500
  3200.00000 159.256000 0.0        .113674000 .022684900 0.0        .136358900
  3800.00000 159.115000 0.0        .113694000 .022692000 0.0        .136386000
  4800.00000 158.881000 0.0        .113722000 .022703800 0.0        .136425800
  6500.00000 158.483000 0.0        .113770000 .022723800 0.0        .136493800
  13000.0000 156.973000 0.0        .113756000 .022800600 0.0        .136556600
  16000.0000 156.281000 0.0        .113695000 .022836100 0.0        .136531100
  17000.0000 156.051000 0.0        .113662000 .022847900 0.0        .136509900
  20000.0000 155.364000 0.0        .113538000 .022883500 0.0        .136421500
  30000.0000 153.095000 0.0        .112895000 .023002300 0.0        .135897300
  40000.0000 150.863000 0.0        .111914000 .023121800 0.0        .135035800
  48000.0000 149.101000 0.0        .110926000 .023217600 0.0        .134143600
  50000.0000 148.664000 0.0        .110655000 .023241700 0.0        .133896700
  70000.0000 144.370000 0.0        .107472000 .023482900 0.0        .130954900
  76000.0000 143.107000 0.0        .106370000 .023555700 0.0        .129925700
  84000.0000 141.443000 0.0        .104816000 .023653100 0.0        .128469100
  88000.0000 140.618000 0.0        .104008000 .023701900 0.0        .127709900
  100000.000 138.175000 0.0        .101473000 .023848800 0.0        .125321800
  123871.000 134.203000 0.0        .096978100 .024095400 0.0        .121073500
 ==============================================================================
 Atomic Weight Ratio of Isotope------- 98.1495400
 L Value------------------------------          2
 Number of J Values-------------------          6
 ==============================================================================
                                 Degrees of Freedom
 ==============================================================================
   Interpolation  J Value  Competition    Neutron   Capture     Fission
        Law
 ==============================================================================
 2 (Lin X-Lin Y)     0.00        0.00        1.00       0.00       0.00
 ==============================================================================
 Resonance Parameters
 ==============================================================================
      Energy     Level Competition    Neutron    Capture    Fission      Total
                Spacing      Width      Width      Width      Width      Width
        (eV)       (eV)       (eV)       (eV)       (eV)       (eV)       (eV)
 ==============================================================================
  2186.64000 897.081000 0.0        .039485800 .030901700 0.0        .070387500
  2400.00000 896.826000 0.0        .039476000 .030904000 0.0        .070380000
  3200.00000 895.802000 0.0        .039436000 .030913100 0.0        .070349100
  3800.00000 895.036000 0.0        .039406300 .030919900 0.0        .070326200
  4800.00000 893.760000 0.0        .039356800 .030931300 0.0        .070288100
  6500.00000 891.594000 0.0        .039272600 .030950600 0.0        .070223200
  13000.0000 883.365000 0.0        .038952800 .031024700 0.0        .069977500
  16000.0000 879.593000 0.0        .038806000 .031059100 0.0        .069865100
  17000.0000 878.340000 0.0        .038757300 .031070600 0.0        .069827900
  20000.0000 874.594000 0.0        .038611600 .031105100 0.0        .069716700
  30000.0000 862.222000 0.0        .038130600 .031220700 0.0        .069351300
  40000.0000 850.040000 0.0        .037656800 .031337000 0.0        .068993800
  48000.0000 840.424000 0.0        .037282900 .031430500 0.0        .068713400
  50000.0000 838.039000 0.0        .037190000 .031454000 0.0        .068644000
  70000.0000 814.577000 0.0        .036276400 .031690800 0.0        .067967200
  76000.0000 807.674000 0.0        .036007600 .031762800 0.0        .067770400
  84000.0000 798.570000 0.0        .035652600 .031859400 0.0        .067512000
  88000.0000 794.058000 0.0        .035476500 .031907900 0.0        .067384400
  100000.000 780.686000 0.0        .034954600 .032053800 0.0        .067008400
  123871.000 758.930000 0.0        .034104300 .032299400 0.0        .066403700
 ==============================================================================
                                 Degrees of Freedom
 ==============================================================================
   Interpolation  J Value  Competition    Neutron   Capture     Fission
        Law
 ==============================================================================
 2 (Lin X-Lin Y)     1.00        0.00        1.00       0.00       0.00
 ==============================================================================
 Resonance Parameters
 ==============================================================================
      Energy     Level Competition    Neutron    Capture    Fission      Total
                Spacing      Width      Width      Width      Width      Width
        (eV)       (eV)       (eV)       (eV)       (eV)       (eV)       (eV)
 ==============================================================================
  2186.64000 313.419000 0.0        .015911700 .026983400 0.0        .042895100
  2400.00000 313.329000 0.0        .015907400 .026986000 0.0        .042893400
  3200.00000 312.971000 0.0        .015889800 .026996100 0.0        .042885900
  3800.00000 312.702000 0.0        .015876700 .027003700 0.0        .042880400
  4800.00000 312.255000 0.0        .015854900 .027016300 0.0        .042871200
  6500.00000 311.496000 0.0        .015817700 .027037800 0.0        .042855500
  13000.0000 308.611000 0.0        .015677000 .027120100 0.0        .042797100
  16000.0000 307.289000 0.0        .015612300 .027158200 0.0        .042770500
  17000.0000 306.850000 0.0        .015590900 .027171000 0.0        .042761900
  20000.0000 305.537000 0.0        .015526700 .027209200 0.0        .042735900
  30000.0000 301.201000 0.0        .015315100 .027337000 0.0        .042652100
  40000.0000 296.932000 0.0        .015106700 .027465300 0.0        .042572000
  48000.0000 293.562000 0.0        .014942500 .027568400 0.0        .042510900
  50000.0000 292.726000 0.0        .014901700 .027594300 0.0        .042496000
  70000.0000 284.505000 0.0        .014500700 .027854400 0.0        .042355100
  76000.0000 282.086000 0.0        .014382800 .027933000 0.0        .042315800
  84000.0000 278.896000 0.0        .014227200 .028038400 0.0        .042265600
  88000.0000 277.316000 0.0        .014150100 .028091200 0.0        .042241300
  100000.000 272.631000 0.0        .013921600 .028250100 0.0        .042171700
  123871.000 265.009000 0.0        .013549900 .028517000 0.0        .042066900
 ==============================================================================
                                 Degrees of Freedom
 ==============================================================================
   Interpolation  J Value  Competition    Neutron   Capture     Fission
        Law
 ==============================================================================
 2 (Lin X-Lin Y)     2.00        0.00        1.00       0.00       0.00
 ==============================================================================
 Resonance Parameters
 ==============================================================================
      Energy     Level Competition    Neutron    Capture    Fission      Total
                Spacing      Width      Width      Width      Width      Width
        (eV)       (eV)       (eV)       (eV)       (eV)       (eV)       (eV)
 ==============================================================================
  2186.64000 206.588000 0.0        .010488100 .025633200 0.0        .036121300
  2400.00000 206.529000 0.0        .010485200 .025635700 0.0        .036120900
  3200.00000 206.291000 0.0        .010473600 .025645700 0.0        .036119300
  3800.00000 206.113000 0.0        .010464900 .025653200 0.0        .036118100
  4800.00000 205.816000 0.0        .010450400 .025665700 0.0        .036116100
  6500.00000 205.312000 0.0        .010425800 .025686900 0.0        .036112700
  13000.0000 203.399000 0.0        .010332300 .025768200 0.0        .036100500
  16000.0000 202.522000 0.0        .010289400 .025805800 0.0        .036095200
  17000.0000 202.231000 0.0        .010275200 .025818300 0.0        .036093500
  20000.0000 201.360000 0.0        .010232700 .025856100 0.0        .036088800
  30000.0000 198.484000 0.0        .010092300 .025982100 0.0        .036074400
  40000.0000 195.652000 0.0        .009954040 .026108800 0.0        .036062840
  48000.0000 193.418000 0.0        .009845060 .026210500 0.0        .036055560
  50000.0000 192.863000 0.0        .009818000 .026236000 0.0        .036054000
  70000.0000 187.412000 0.0        .009552050 .026492600 0.0        .036044650
  76000.0000 185.809000 0.0        .009473860 .026570200 0.0        .036044060
  84000.0000 183.694000 0.0        .009370710 .026674000 0.0        .036044710
  88000.0000 182.647000 0.0        .009319580 .026726000 0.0        .036045580
  100000.000 179.542000 0.0        .009168120 .026882700 0.0        .036050820
  123871.000 174.491000 0.0        .008921710 .027145800 0.0        .036067510
 ==============================================================================
                                 Degrees of Freedom
 ==============================================================================
   Interpolation  J Value  Competition    Neutron   Capture     Fission
        Law
 ==============================================================================
 2 (Lin X-Lin Y)     3.00        0.00        1.00       0.00       0.00
 ==============================================================================
 Resonance Parameters
 ==============================================================================
      Energy     Level Competition    Neutron    Capture    Fission      Total
                Spacing      Width      Width      Width      Width      Width
        (eV)       (eV)       (eV)       (eV)       (eV)       (eV)       (eV)
 ==============================================================================
  2186.64000 169.911000 0.0        .008626060 .023102400 0.0        .031728460
  2400.00000 169.862000 0.0        .008623680 .023104900 0.0        .031728580
  3200.00000 169.664000 0.0        .008613980 .023115000 0.0        .031728980
  3800.00000 169.516000 0.0        .008606760 .023122600 0.0        .031729360
  4800.00000 169.270000 0.0        .008594740 .023135200 0.0        .031729940
  6500.00000 168.851000 0.0        .008574270 .023156600 0.0        .031730870
  13000.0000 167.263000 0.0        .008496670 .023238700 0.0        .031735370
  16000.0000 166.534000 0.0        .008461030 .023276600 0.0        .031737630
  17000.0000 166.293000 0.0        .008449230 .023289300 0.0        .031738530
  20000.0000 165.569000 0.0        .008413890 .023327300 0.0        .031741190
  30000.0000 163.182000 0.0        .008297280 .023454400 0.0        .031751680
  40000.0000 160.832000 0.0        .008182510 .023582000 0.0        .031764510
  48000.0000 158.977000 0.0        .008092030 .023684400 0.0        .031776430
  50000.0000 158.518000 0.0        .008069570 .023710100 0.0        .031779670
  70000.0000 153.995000 0.0        .007848820 .023968300 0.0        .031817120
  76000.0000 152.665000 0.0        .007783940 .024046100 0.0        .031830040
  84000.0000 150.911000 0.0        .007698340 .024150300 0.0        .031848640
  88000.0000 150.042000 0.0        .007655920 .024202500 0.0        .031858420
  100000.000 147.467000 0.0        .007530270 .024359800 0.0        .031890070
  123871.000 143.280000 0.0        .007325900 .024623600 0.0        .031949500
 ==============================================================================
                                 Degrees of Freedom
 ==============================================================================
   Interpolation  J Value  Competition    Neutron   Capture     Fission
        Law
 ==============================================================================
 2 (Lin X-Lin Y)     4.00        0.00        1.00       0.00       0.00
 ==============================================================================
 Resonance Parameters
 ==============================================================================
      Energy     Level Competition    Neutron    Capture    Fission      Total
                Spacing      Width      Width      Width      Width      Width
        (eV)       (eV)       (eV)       (eV)       (eV)       (eV)       (eV)
 ==============================================================================
  2186.64000 159.491000 0.0        .008097040 .021488000 0.0        .029585040
  2400.00000 159.444000 0.0        .008094780 .021490500 0.0        .029585280
  3200.00000 159.256000 0.0        .008085550 .021500200 0.0        .029585750
  3800.00000 159.115000 0.0        .008078690 .021507500 0.0        .029586190
  4800.00000 158.881000 0.0        .008067250 .021519600 0.0        .029586850
  6500.00000 158.483000 0.0        .008047780 .021540200 0.0        .029587980
  13000.0000 156.973000 0.0        .007973980 .021619100 0.0        .029593080
  16000.0000 156.281000 0.0        .007940090 .021655600 0.0        .029595690
  17000.0000 156.051000 0.0        .007928870 .021667800 0.0        .029596670
  20000.0000 155.364000 0.0        .007895260 .021704400 0.0        .029599660
  30000.0000 153.095000 0.0        .007784400 .021826500 0.0        .029610900
  40000.0000 150.863000 0.0        .007675310 .021949300 0.0        .029624610
  48000.0000 149.101000 0.0        .007589320 .022047800 0.0        .029637120
  50000.0000 148.664000 0.0        .007567980 .022072500 0.0        .029640480
  70000.0000 144.370000 0.0        .007358260 .022320800 0.0        .029679060
  76000.0000 143.107000 0.0        .007296630 .022395600 0.0        .029692230
  84000.0000 141.443000 0.0        .007215340 .022495800 0.0        .029711140
  88000.0000 140.618000 0.0        .007175060 .022546000 0.0        .029721060
  100000.000 138.175000 0.0        .007055770 .022697200 0.0        .029752970
  123871.000 134.203000 0.0        .006861790 .022950900 0.0        .029812690
 ==============================================================================
                                 Degrees of Freedom
 ==============================================================================
   Interpolation  J Value  Competition    Neutron   Capture     Fission
        Law
 ==============================================================================
 2 (Lin X-Lin Y)     5.00        0.00        1.00       0.00       0.00
 ==============================================================================
 Resonance Parameters
 ==============================================================================
      Energy     Level Competition    Neutron    Capture    Fission      Total
                Spacing      Width      Width      Width      Width      Width
        (eV)       (eV)       (eV)       (eV)       (eV)       (eV)       (eV)
 ==============================================================================
  2186.64000 165.066000 0.0        .007265530 .019608700 0.0        .026874230
  2400.00000 165.017000 0.0        .007263620 .019611100 0.0        .026874720
  3200.00000 164.819000 0.0        .007255870 .019620400 0.0        .026876270
  3800.00000 164.671000 0.0        .007250090 .019627300 0.0        .026877390
  4800.00000 164.425000 0.0        .007240480 .019639000 0.0        .026879480
  6500.00000 164.007000 0.0        .007224130 .019658700 0.0        .026882830
  13000.0000 162.420000 0.0        .007162050 .019734400 0.0        .026896450
  16000.0000 161.692000 0.0        .007133560 .019769300 0.0        .026902860
  17000.0000 161.451000 0.0        .007124120 .019781000 0.0        .026905120
  20000.0000 160.729000 0.0        .007095850 .019816100 0.0        .026911950
  30000.0000 158.345000 0.0        .007002600 .019933200 0.0        .026935800
  40000.0000 156.000000 0.0        .006910780 .020050800 0.0        .026961580
  48000.0000 154.150000 0.0        .006838390 .020145200 0.0        .026983590
  50000.0000 153.691000 0.0        .006820410 .020168900 0.0        .026989310
  70000.0000 149.183000 0.0        .006643730 .020406700 0.0        .027050430
  76000.0000 147.858000 0.0        .006591790 .020478400 0.0        .027070190
  84000.0000 146.112000 0.0        .006523230 .020574300 0.0        .027097530
  88000.0000 145.247000 0.0        .006489260 .020622400 0.0        .027111660
  100000.000 142.684000 0.0        .006388580 .020767200 0.0        .027155780
  123871.000 138.520000 0.0        .006224740 .021010200 0.0        .027234940
 ------------------------------------------------------------------------------
 WARNING...WARNING...WARNING...WARNING...WARNING...WARNING...WARNING...WARNING
 FOR L =  2 Expect Sum of Statistical Weights (GJ) to Equal
 (2*L + 1) =  5.000
 Found     =  3.000
 Corrective Action Will be Taken to Correctly Calculate
 the Potential Scattering Cross Section - This Procedure is
 Based on the Decision of the National Nuclear Data Center,
 Brookhaven National Laboratory, Private Communication,
 Charles Dunford, (April 1991)
 ==============================================================================
 Summary of Calculated MT #
 ------------------------------------------------------------------------------
    1    2  102
 ==============================================================================
 Reconstructing Cross Sections from Resonance Parameters
 ==============================================================================
        E-Low     E-High   Points   Type of Resonance Region
        (eV)       (eV)   Generated Messages
 ==============================================================================
   1.00000E-5 2186.64000      26051 Resolved
 ==============================================================================
 Entire Resonance Region      26051 Points
 ==============================================================================
 Summary of Output MT #
 ------------------------------------------------------------------------------
    1    2  102
 ==============================================================================
 Combining File 2 and File 3 Data
 ==============================================================================
 Reaction   MT  File 2  File 3  Combined
                Points  Points    Points Comments
 ==============================================================================
    Total    1   26051       0     26051 No Background. Output Resonance Part.
  Elastic    2   26051       0     26051 No Background. Output Resonance Part.
  Capture  102   26051       0     26051 No Background. Output Resonance Part.
 ==============================================================================
 ------------------------------------------------------------------------------
 All Cross Sections Read. Maximum Tabulated Energy =  2186.64000 eV
 ------------------------------------------------------------------------------
 ===============================================================================
      MAT Total Execution Time                0.17 Seconds
 ===============================================================================
 ******************************************************************************
 End of ENDF/B Input Data
 ******************************************************************************
 Core Allocation and Requirements
 ==============================================================================
         Sections   Nodes Parameter
                            Storage
 ==============================================================================
 Allocated    100  100000    100000
 Required      15      85       351
 ==============================================================================
 End of Run
 ==============================================================================
 ===============================================================================
 SIGMA1   Total Execution Time                0.17 Seconds
 ===============================================================================
