 gamexist             882525
 chanisoexist          88560
 specexcl           45338832
 feedexcl           10715859
 fqrpa               1896300
 bassign              882525
 ldtable            11817225
 phtable2            6968884
 xspopph2           15234345
 frescue            22554411
 preeqpop            9105075
 xspop               9105075
 wemission2          4386627
 xspopph2           15234345
 xsrp                1160775
 Tjlnex               180621
 fxsgamdischan       5913600
 areaejlab            342398
 areareclab           220500
 xsastroex            616025
 ddxrec             31090500
 sfactor             9105075
 Tjlnex               180621
 phdensjp            2978325

