 Calculate Cross Sections from Resonance Parameters (RECENT 2023-1)
 ==============================================================================
 Retrieval Criteria-----------        MAT
 File 2 Mimimum Cross Section- 1.0000E-30 (No Longer an Input Option)
 Reactions with No Background-     Output (Resonance Contribution)
 Calculate/Edit Mode----------  Calculate. List Resonance Parameters.  
 Negative Cross Sections------   Make = 0 (No Negative Output)     
 Monitor Mode-----------------         On
 ==============================================================================
 ENDF/B Input and Output Data Filenames
 n-Y089.res.tendl.2025                                                   
 n-Y089.res.point0                                                       
 ==============================================================================
 Requested MAT Ranges
 ==============================================================================
    Mimimum    Maximum
 ==============================================================================
          1       9999
 ==============================================================================
 File 2 Reconstruction Error
 ==============================================================================
      Energy      Error   per-cent
 ==============================================================================
  0.0         .001000000      0.100 (Default Option)
 ==============================================================================
 ENDF/B Tape Label
 ==============================================================================
  n-Y089.res.tendl.2025: Merger of MF1 and MF2                       99
 ******************************************************************************
 Processing  39-Y -89    MAT= 3925
 ******************************************************************************
 Based on the Format and Contents of MF/MT=1/451
 (1) ENDF/B-6  Format.
 (2) Material is NOT Fissile (LFI=0).
 (3) Resonance Parameters are Given (LRP=1).
 (4) Projectile ZA =      1 (Neutron).
 (5) Background Temperature  0.0        Kelvin.
 ==============================================================================
 Listing of All Resonance Parameters
 ==============================================================================
 Element or Material------------------ 39-Y -89   
 Atomic Weight Ratio------------------ 88.1420900
 Number of Isotopes-------------------          1
 ==============================================================================
 Isotope Number-----------------------          1
 Isotope------------------------------ 39-Y -89   
 Fractional Abundance----------------- 1.00000000
 LFW (Fission Widths)-----------------          0 (No Fission Widths)        
 Number of Energy Ranges--------------          1
 ==============================================================================
 Lower Limit of the Energy Range------ 1.00000E-5 eV
 Upper Limit of the Energy Range------ 100000.000 eV
 LRU (Type of Region)-----------------          1 (Resolved Region)          
 LRF (Type of Resolved Parameters)----          3 (Reich-Moore)              
 NRO (Scattering Radius)--------------          0 (Energy Independent)        
 NAPS (Channel Radius)----------------          1 (= Scattering Radius)       
 ==============================================================================
 Nuclear Spin of Target--------------- .500000000
 Scattering Radius-------------------- .670000000
 Number of L Values-------------------          2
 ==============================================================================
 Atomic Weight Ratio of Isotope------- 88.2354400
 L Dependent Scattering Radius-------- .670000000
 Angular Momentum (L)-----------------          0
 Number of Resonances-----------------        150
 ==============================================================================
 Reich-Moore Resonance Parameters
 ==============================================================================
      Energy  J Value    Neutron    Capture  Fission-1  Fission-2
        (eV)                (eV)       (eV)       (eV)       (eV)
 ==============================================================================
  7483.00000   0.00   .654000000 .116200000 0.0        0.0       
  11592.0000   0.00   62.0000000 .160000000 0.0        0.0       
  15233.0000   0.00   58.8000000 .257000000 0.0        0.0       
  26942.0000   0.00   10.8000000 .304000000 0.0        0.0       
  52944.0000   0.00   700.000000 .700000000 0.0        0.0       
  91777.0000   0.00   60.0000000 .700000000 0.0        0.0       
  105920.000   0.00   424.000000 .115000000 0.0        0.0       
  148200.000   0.00   424.000000 .115000000 0.0        0.0       
  152310.000   0.00   80.0000000 .115000000 0.0        0.0       
  168530.000   0.00   70.0000000 .115000000 0.0        0.0       
  169500.000   0.00   476.000000 .115000000 0.0        0.0       
  185120.000   0.00   88.0000000 .115000000 0.0        0.0       
  187550.000   0.00   232.000000 .115000000 0.0        0.0       
  206320.000   0.00   22.0000000 .115000000 0.0        0.0       
  216950.000   0.00   144.000000 .115000000 0.0        0.0       
  219680.000   0.00   100.000000 .115000000 0.0        0.0       
  240870.000   0.00   24.0000000 .115000000 0.0        0.0       
  249270.000   0.00   756.000000 .115000000 0.0        0.0       
  268280.000   0.00   38.0000000 .115000000 0.0        0.0       
  303710.000   0.00   60.0000000 .115000000 0.0        0.0       
  318800.000   0.00   32.0000000 .115000000 0.0        0.0       
  351780.000   0.00   16.0000000 .115000000 0.0        0.0       
  352360.000   0.00   24.0000000 .115000000 0.0        0.0       
  393410.000   0.00   200.000000 .115000000 0.0        0.0       
  399900.000   0.00   220.000000 .115000000 0.0        0.0       
  402600.000   0.00   176.000000 .115000000 0.0        0.0       
  414120.000   0.00   160.000000 .115000000 0.0        0.0       
  414520.000   0.00   240.000000 .115000000 0.0        0.0       
  449270.000   0.00   436.000000 .115000000 0.0        0.0       
  469200.000   0.00   160.000000 .115000000 0.0        0.0       
  473900.000   0.00   140.000000 .115000000 0.0        0.0       
  520400.000   0.00   300.000000 .115000000 0.0        0.0       
  556170.000   0.00   160.000000 .115000000 0.0        0.0       
  586100.000   0.00   200.000000 .115000000 0.0        0.0       
  593800.000   0.00   1540.00000 .115000000 0.0        0.0       
  646220.000   0.00   468.000000 .115000000 0.0        0.0       
  653030.000   0.00   464.000000 .115000000 0.0        0.0       
  659790.000   0.00   528.000000 .115000000 0.0        0.0       
  661450.000   0.00   548.000000 .115000000 0.0        0.0       
  683150.000   0.00   392.000000 .115000000 0.0        0.0       
  699350.000   0.00   252.000000 .115000000 0.0        0.0       
  720250.000   0.00   428.000000 .115000000 0.0        0.0       
  728070.000   0.00   512.000000 .115000000 0.0        0.0       
 ------------------------------------------------------------------------------
 -251.000000   1.00   3.28000000 .124000000 0.0        0.0       
  2599.00000   1.00   1.00000000 .127700000 0.0        0.0       
  3383.00000   1.00   .790000000 .056200000 0.0        0.0       
  9740.00000   1.00   1.35000000 .125300000 0.0        0.0       
  13784.0000   1.00   1.86670000 .104000000 0.0        0.0       
  26400.0000   1.00   32.5330000 .041400000 0.0        0.0       
  29648.0000   1.00   91.3330000 .146000000 0.0        0.0       
  38064.0000   1.00   12.6670000 .167520000 0.0        0.0       
  41527.0000   1.00   2.13330000 .081700000 0.0        0.0       
  42138.0000   1.00   82.6670000 .044000000 0.0        0.0       
  45700.0000   1.00   .200000000 .091300000 0.0        0.0       
  46070.0000   1.00   .300000000 .153000000 0.0        0.0       
  50291.0000   1.00   6.66670000 .350000000 0.0        0.0       
  53865.0000   1.00   36.0000000 .360000000 0.0        0.0       
  56120.0000   1.00   45.3330000 .200000000 0.0        0.0       
  61200.0000   1.00   .300000000 .350000000 0.0        0.0       
  64669.0000   1.00   50.6670000 .300000000 0.0        0.0       
  67823.0000   1.00   117.330000 .115000000 0.0        0.0       
  69800.0000   1.00   21.3330000 .220000000 0.0        0.0       
  76200.0000   1.00   98.6670000 .115000000 0.0        0.0       
  78952.0000   1.00   10.1330000 .115000000 0.0        0.0       
  83204.0000   1.00   288.000000 .180000000 0.0        0.0       
  97820.0000   1.00   25.3330000 .115000000 0.0        0.0       
  100490.000   1.00   4.00000000 .115000000 0.0        0.0       
  101930.000   1.00   2.66670000 .115000000 0.0        0.0       
  101970.000   1.00   17.3330000 .115000000 0.0        0.0       
  103940.000   1.00   12.0000000 .115000000 0.0        0.0       
  109760.000   1.00   36.0000000 .115000000 0.0        0.0       
  111930.000   1.00   46.6670000 .115000000 0.0        0.0       
  115300.000   1.00   237.330000 .115000000 0.0        0.0       
  120910.000   1.00   34.6670000 .115000000 0.0        0.0       
  123750.000   1.00   53.3330000 .115000000 0.0        0.0       
  131820.000   1.00   11.3330000 .115000000 0.0        0.0       
  133710.000   1.00   33.3330000 .115000000 0.0        0.0       
  139100.000   1.00   53.3330000 .115000000 0.0        0.0       
  154250.000   1.00   56.0000000 .115000000 0.0        0.0       
  164640.000   1.00   166.670000 .115000000 0.0        0.0       
  175730.000   1.00   145.330000 .115000000 0.0        0.0       
  182440.000   1.00   133.330000 .115000000 0.0        0.0       
  184600.000   1.00   104.000000 .115000000 0.0        0.0       
  197600.000   1.00   4.00000000 .115000000 0.0        0.0       
  202390.000   1.00   162.670000 .115000000 0.0        0.0       
  204090.000   1.00   6.66670000 .115000000 0.0        0.0       
  206590.000   1.00   66.6670000 .115000000 0.0        0.0       
  210930.000   1.00   6.00000000 .115000000 0.0        0.0       
  212010.000   1.00   6.00000000 .115000000 0.0        0.0       
  212190.000   1.00   105.330000 .115000000 0.0        0.0       
  212250.000   1.00   6.66670000 .115000000 0.0        0.0       
  216050.000   1.00   6.00000000 .115000000 0.0        0.0       
  218720.000   1.00   38.6670000 .115000000 0.0        0.0       
  225260.000   1.00   305.330000 .115000000 0.0        0.0       
  232310.000   1.00   158.670000 .115000000 0.0        0.0       
  239370.000   1.00   5.33330000 .115000000 0.0        0.0       
  246020.000   1.00   118.670000 .115000000 0.0        0.0       
  250730.000   1.00   42.6670000 .115000000 0.0        0.0       
  266240.000   1.00   57.3330000 .115000000 0.0        0.0       
  270700.000   1.00   120.000000 .115000000 0.0        0.0       
  280470.000   1.00   700.000000 .115000000 0.0        0.0       
  301120.000   1.00   60.6670000 .115000000 0.0        0.0       
  309000.000   1.00   28.0000000 .115000000 0.0        0.0       
  317190.000   1.00   80.0000000 .115000000 0.0        0.0       
  318980.000   1.00   6.66670000 .115000000 0.0        0.0       
  319330.000   1.00   46.6670000 .115000000 0.0        0.0       
  324620.000   1.00   958.670000 .115000000 0.0        0.0       
  337120.000   1.00   22.6670000 .115000000 0.0        0.0       
  337630.000   1.00   34.6670000 .115000000 0.0        0.0       
  351320.000   1.00   14.6670000 .115000000 0.0        0.0       
  353500.000   1.00   178.670000 .115000000 0.0        0.0       
  374450.000   1.00   116.000000 .115000000 0.0        0.0       
  387490.000   1.00   25.3330000 .115000000 0.0        0.0       
  394270.000   1.00   10.6670000 .115000000 0.0        0.0       
  399940.000   1.00   125.330000 .115000000 0.0        0.0       
  403740.000   1.00   216.670000 .115000000 0.0        0.0       
  406200.000   1.00   574.670000 .115000000 0.0        0.0       
  417040.000   1.00   194.670000 .115000000 0.0        0.0       
  437070.000   1.00   72.0000000 .115000000 0.0        0.0       
  450460.000   1.00   49.3330000 .115000000 0.0        0.0       
  454770.000   1.00   202.670000 .115000000 0.0        0.0       
  460000.000   1.00   86.6670000 .115000000 0.0        0.0       
  461200.000   1.00   746.670000 .115000000 0.0        0.0       
  464150.000   1.00   273.330000 .115000000 0.0        0.0       
  471400.000   1.00   30.6670000 .115000000 0.0        0.0       
  472580.000   1.00   54.6670000 .115000000 0.0        0.0       
  477640.000   1.00   146.670000 .115000000 0.0        0.0       
  487020.000   1.00   145.330000 .115000000 0.0        0.0       
  499380.000   1.00   160.000000 .115000000 0.0        0.0       
  502820.000   1.00   993.330000 .115000000 0.0        0.0       
  504410.000   1.00   100.000000 .115000000 0.0        0.0       
  511520.000   1.00   372.000000 .115000000 0.0        0.0       
  518820.000   1.00   169.330000 .115000000 0.0        0.0       
  519140.000   1.00   33.3330000 .115000000 0.0        0.0       
  527770.000   1.00   617.330000 .115000000 0.0        0.0       
  529350.000   1.00   438.670000 .115000000 0.0        0.0       
  530810.000   1.00   18.6670000 .115000000 0.0        0.0       
  538410.000   1.00   73.3330000 .115000000 0.0        0.0       
  543250.000   1.00   110.670000 .115000000 0.0        0.0       
  552090.000   1.00   73.3330000 .115000000 0.0        0.0       
  560060.000   1.00   160.000000 .115000000 0.0        0.0       
  588100.000   1.00   66.6670000 .115000000 0.0        0.0       
  594990.000   1.00   370.670000 .115000000 0.0        0.0       
  606550.000   1.00   117.330000 .115000000 0.0        0.0       
  618020.000   1.00   472.000000 .115000000 0.0        0.0       
  671390.000   1.00   409.330000 .115000000 0.0        0.0       
  674600.000   1.00   369.330000 .115000000 0.0        0.0       
  685080.000   1.00   662.670000 .115000000 0.0        0.0       
  709070.000   1.00   421.330000 .115000000 0.0        0.0       
  724190.000   1.00   170.670000 .115000000 0.0        0.0       
 ------------------------------------------------------------------------------
 Summary of the Above Section
 ------------------------------------------------------------------------------
 Section Number.........--------------          1
 L Value................--------------          0
 Total Number of Resonances-----------        150
 Number With Non-ZERO Fission Width---          0
 Number With 2 Non-ZERO Fission Widths          0
 ==============================================================================
 Atomic Weight Ratio of Isotope------- 88.2354400
 L Dependent Scattering Radius-------- .670000000
 Angular Momentum (L)-----------------          1
 Number of Resonances-----------------        546
 ------------------------------------------------------------------------------
 WARNING...WARNING...WARNING...WARNING...WARNING...WARNING...WARNING...WARNING
 L= 1 J =  1.000 Corresponds to 2 Resonance Sequences.
 ------------------------------------------------------------------------------
 ==============================================================================
 Reich-Moore Resonance Parameters
 ==============================================================================
      Energy  J Value    Neutron    Capture  Fission-1  Fission-2
        (eV)                (eV)       (eV)       (eV)       (eV)
 ==============================================================================
  19.7000000   0.00   3.36000E-5 .112000000 0.0        0.0       
  10740.0000   0.00   1.12000000 .100000000 0.0        0.0       
  11590.0000   0.00   12.0000000 .544000000 0.0        0.0       
  13015.0000   0.00   18.0000000 .877000000 0.0        0.0       
  14230.0000   0.00   9.00000000 .467000000 0.0        0.0       
  16590.0000   0.00   .100000000 .066700000 0.0        0.0       
  17130.0000   0.00   .150000000 .191000000 0.0        0.0       
  18600.0000   0.00   .150000000 .139000000 0.0        0.0       
  20320.0000   0.00   22.0000000 .727000000 0.0        0.0       
  21360.0000   0.00   .100000000 .047100000 0.0        0.0       
  22130.0000   0.00   .350000000 .295000000 0.0        0.0       
  23731.0000   0.00   6.40000000 .160000000 0.0        0.0       
  28221.0000   0.00   14.0000000 1.26500000 0.0        0.0       
  30153.0000   0.00   60.0000000 1.12100000 0.0        0.0       
  35460.0000   0.00   2.60000000 .240000000 0.0        0.0       
  35535.0000   0.00   56.0000000 .300000000 0.0        0.0       
  42912.0000   0.00   15.0000000 .419000000 0.0        0.0       
  44599.0000   0.00   6.00000000 .194000000 0.0        0.0       
  51910.0000   0.00   6.00000000 .300000000 0.0        0.0       
  52035.0000   0.00   4.00000000 .150000000 0.0        0.0       
  55242.0000   0.00   2.40000000 .400000000 0.0        0.0       
  56582.0000   0.00   20.0000000 .200000000 0.0        0.0       
  56680.0000   0.00   28.0000000 .200000000 0.0        0.0       
  69070.0000   0.00   20.0000000 .020000000 0.0        0.0       
  74490.0000   0.00   20.0000000 .700000000 0.0        0.0       
  75628.0000   0.00   12.0000000 .307000000 0.0        0.0       
  75977.0000   0.00   12.0000000 .307000000 0.0        0.0       
  83180.0000   0.00   20.0000000 .307000000 0.0        0.0       
  84860.0000   0.00   36.0000000 .307000000 0.0        0.0       
  84986.0000   0.00   16.0000000 .307000000 0.0        0.0       
  85580.0000   0.00   160.000000 .307000000 0.0        0.0       
  87500.0000   0.00   .300000000 .500000000 0.0        0.0       
  89173.0000   0.00   20.0000000 .400000000 0.0        0.0       
  89990.0000   0.00   24.0000000 .307000000 0.0        0.0       
  96040.0000   0.00   20.0000000 1.00000000 0.0        0.0       
  98740.0000   0.00   12.0000000 .307000000 0.0        0.0       
  107610.000   0.00   52.0000000 .307000000 0.0        0.0       
  109450.000   0.00   48.0000000 .307000000 0.0        0.0       
  111060.000   0.00   36.0000000 .307000000 0.0        0.0       
  119960.000   0.00   20.0000000 .307000000 0.0        0.0       
  120010.000   0.00   18.0000000 .307000000 0.0        0.0       
  120090.000   0.00   56.0000000 .307000000 0.0        0.0       
  122710.000   0.00   236.000000 .307000000 0.0        0.0       
  127950.000   0.00   72.0000000 .307000000 0.0        0.0       
  130430.000   0.00   64.0000000 .307000000 0.0        0.0       
  131640.000   0.00   16.0000000 .307000000 0.0        0.0       
  131790.000   0.00   16.0000000 .307000000 0.0        0.0       
  132520.000   0.00   36.0000000 .307000000 0.0        0.0       
  133140.000   0.00   36.0000000 .307000000 0.0        0.0       
  139040.000   0.00   20.0000000 .307000000 0.0        0.0       
  140190.000   0.00   20.0000000 .307000000 0.0        0.0       
  143890.000   0.00   38.0000000 .307000000 0.0        0.0       
  144670.000   0.00   20.0000000 .307000000 0.0        0.0       
  159840.000   0.00   96.0000000 .307000000 0.0        0.0       
  163970.000   0.00   84.0000000 .307000000 0.0        0.0       
  164600.000   0.00   1376.00000 .307000000 0.0        0.0       
  172750.000   0.00   136.000000 .307000000 0.0        0.0       
  179080.000   0.00   32.0000000 .307000000 0.0        0.0       
  179920.000   0.00   48.0000000 .307000000 0.0        0.0       
  189830.000   0.00   20.0000000 .307000000 0.0        0.0       
  191330.000   0.00   540.000000 .307000000 0.0        0.0       
  192000.000   0.00   28.0000000 .307000000 0.0        0.0       
  193620.000   0.00   40.0000000 .307000000 0.0        0.0       
  199920.000   0.00   64.0000000 .307000000 0.0        0.0       
  205670.000   0.00   92.0000000 .307000000 0.0        0.0       
  208090.000   0.00   48.0000000 .307000000 0.0        0.0       
  209410.000   0.00   96.0000000 .307000000 0.0        0.0       
  219950.000   0.00   72.0000000 .307000000 0.0        0.0       
  220940.000   0.00   1156.00000 .307000000 0.0        0.0       
  222230.000   0.00   500.000000 .307000000 0.0        0.0       
  236370.000   0.00   68.0000000 .307000000 0.0        0.0       
  238470.000   0.00   48.0000000 .307000000 0.0        0.0       
  238590.000   0.00   44.0000000 .307000000 0.0        0.0       
  240430.000   0.00   1436.00000 .307000000 0.0        0.0       
  242580.000   0.00   22.0000000 .307000000 0.0        0.0       
  243920.000   0.00   72.0000000 .307000000 0.0        0.0       
  248880.000   0.00   24.0000000 .307000000 0.0        0.0       
  250400.000   0.00   468.000000 .307000000 0.0        0.0       
  252280.000   0.00   6152.00000 .307000000 0.0        0.0       
  252980.000   0.00   3084.00000 .307000000 0.0        0.0       
  256430.000   0.00   152.000000 .307000000 0.0        0.0       
  257060.000   0.00   524.000000 .307000000 0.0        0.0       
  262680.000   0.00   856.000000 .307000000 0.0        0.0       
  266010.000   0.00   224.000000 .307000000 0.0        0.0       
  266820.000   0.00   248.000000 .307000000 0.0        0.0       
  269190.000   0.00   796.000000 .307000000 0.0        0.0       
  271900.000   0.00   148.000000 .307000000 0.0        0.0       
  274760.000   0.00   376.000000 .307000000 0.0        0.0       
  276450.000   0.00   1372.00000 .307000000 0.0        0.0       
  279000.000   0.00   1040.00000 .307000000 0.0        0.0       
  279860.000   0.00   174.000000 .307000000 0.0        0.0       
  288000.000   0.00   8988.00000 .307000000 0.0        0.0       
  298930.000   0.00   468.000000 .307000000 0.0        0.0       
  301350.000   0.00   260.000000 .307000000 0.0        0.0       
  304200.000   0.00   576.000000 .307000000 0.0        0.0       
  307950.000   0.00   400.000000 .307000000 0.0        0.0       
  310380.000   0.00   496.000000 .307000000 0.0        0.0       
  313400.000   0.00   1032.00000 .307000000 0.0        0.0       
  314830.000   0.00   200.000000 .307000000 0.0        0.0       
  321000.000   0.00   232.000000 .307000000 0.0        0.0       
  324010.000   0.00   328.000000 .307000000 0.0        0.0       
  327810.000   0.00   396.000000 .307000000 0.0        0.0       
  330000.000   0.00   126.000000 .307000000 0.0        0.0       
  338100.000   0.00   400.000000 .307000000 0.0        0.0       
  338630.000   0.00   260.000000 .307000000 0.0        0.0       
  339060.000   0.00   136.000000 .307000000 0.0        0.0       
  344490.000   0.00   204.000000 .307000000 0.0        0.0       
  348760.000   0.00   100.000000 .307000000 0.0        0.0       
  349810.000   0.00   352.000000 .307000000 0.0        0.0       
  350240.000   0.00   506.000000 .307000000 0.0        0.0       
  355580.000   0.00   1480.00000 .307000000 0.0        0.0       
  358670.000   0.00   552.000000 .307000000 0.0        0.0       
  359350.000   0.00   968.000000 .307000000 0.0        0.0       
  360000.000   0.00   166.000000 .307000000 0.0        0.0       
  371790.000   0.00   400.000000 .307000000 0.0        0.0       
  374730.000   0.00   180.000000 .307000000 0.0        0.0       
  376100.000   0.00   2608.00000 .307000000 0.0        0.0       
  382550.000   0.00   654.000000 .307000000 0.0        0.0       
  386800.000   0.00   392.000000 .307000000 0.0        0.0       
  392300.000   0.00   900.000000 .307000000 0.0        0.0       
  401550.000   0.00   368.000000 .307000000 0.0        0.0       
  401960.000   0.00   648.000000 .307000000 0.0        0.0       
  402930.000   0.00   368.000000 .307000000 0.0        0.0       
  406870.000   0.00   264.000000 .307000000 0.0        0.0       
  410610.000   0.00   480.000000 .307000000 0.0        0.0       
  412710.000   0.00   800.000000 .307000000 0.0        0.0       
  414520.000   0.00   1620.00000 .307000000 0.0        0.0       
  418560.000   0.00   408.000000 .307000000 0.0        0.0       
  433430.000   0.00   840.000000 .307000000 0.0        0.0       
  438500.000   0.00   1466.00000 .307000000 0.0        0.0       
  440850.000   0.00   616.000000 .307000000 0.0        0.0       
  443750.000   0.00   276.000000 .307000000 0.0        0.0       
  445520.000   0.00   440.000000 .307000000 0.0        0.0       
  447900.000   0.00   440.000000 .307000000 0.0        0.0       
  448480.000   0.00   264.000000 .307000000 0.0        0.0       
  453100.000   0.00   904.000000 .307000000 0.0        0.0       
  459560.000   0.00   908.000000 .307000000 0.0        0.0       
  465020.000   0.00   612.000000 .307000000 0.0        0.0       
  465980.000   0.00   552.000000 .307000000 0.0        0.0       
  468000.000   0.00   348.000000 .307000000 0.0        0.0       
  476630.000   0.00   1256.00000 .307000000 0.0        0.0       
  480270.000   0.00   624.000000 .307000000 0.0        0.0       
  482730.000   0.00   480.000000 .307000000 0.0        0.0       
  483020.000   0.00   668.000000 .307000000 0.0        0.0       
  509450.000   0.00   1260.00000 .307000000 0.0        0.0       
  521230.000   0.00   92.0000000 .307000000 0.0        0.0       
  521600.000   0.00   1376.00000 .307000000 0.0        0.0       
  522780.000   0.00   4076.00000 .307000000 0.0        0.0       
  526370.000   0.00   868.000000 .307000000 0.0        0.0       
  541100.000   0.00   1344.00000 .307000000 0.0        0.0       
  553290.000   0.00   888.000000 .307000000 0.0        0.0       
  555570.000   0.00   1272.00000 .307000000 0.0        0.0       
  560990.000   0.00   428.000000 .307000000 0.0        0.0       
  563040.000   0.00   1104.00000 .307000000 0.0        0.0       
  568570.000   0.00   868.000000 .307000000 0.0        0.0       
  581330.000   0.00   1216.00000 .307000000 0.0        0.0       
  582080.000   0.00   864.000000 .307000000 0.0        0.0       
  584720.000   0.00   108.000000 .307000000 0.0        0.0       
  586100.000   0.00   200.000000 .307000000 0.0        0.0       
  590550.000   0.00   896.000000 .307000000 0.0        0.0       
  610180.000   0.00   276.000000 .307000000 0.0        0.0       
  627260.000   0.00   134.000000 .307000000 0.0        0.0       
  630840.000   0.00   396.000000 .307000000 0.0        0.0       
  636800.000   0.00   364.000000 .307000000 0.0        0.0       
  648330.000   0.00   276.000000 .307000000 0.0        0.0       
  650080.000   0.00   2856.00000 .307000000 0.0        0.0       
  656250.000   0.00   324.000000 .307000000 0.0        0.0       
  679600.000   0.00   4208.00000 .307000000 0.0        0.0       
 ------------------------------------------------------------------------------
  2609.00000   1.00   1.26000000 .549000000 0.0        0.0       
  5714.00000   1.00   .200000000 .187200000 0.0        0.0       
  7255.00000   1.00   .001390000 .307000000 0.0        0.0       
  9421.00000   1.00   3.33000000 .163700000 0.0        0.0       
  14540.0000   1.00   .150000000 .715400000 0.0        0.0       
  23070.0000   1.00   35.3330000 .450000000 0.0        0.0       
  24177.0000   1.00   21.3330000 .176110000 0.0        0.0       
  24625.0000   1.00   53.3330000 .479000000 0.0        0.0       
  29370.0000   1.00   77.3330000 .315000000 0.0        0.0       
  32933.0000   1.00   18.6670000 .153000000 0.0        0.0       
  33490.0000   1.00   .200000000 .229000000 0.0        0.0       
  34848.0000   1.00   90.6670000 .134000000 0.0        0.0       
  35770.0000   1.00   .100000000 .047100000 0.0        0.0       
  36900.0000   1.00   .120000000 .096000000 0.0        0.0       
  37070.0000   1.00   .100000000 .092300000 0.0        0.0       
  38348.0000   1.00   9.33330000 .300000000 0.0        0.0       
  38880.0000   1.00   .200000000 .052100000 0.0        0.0       
  41230.0000   1.00   .100000000 .036400000 0.0        0.0       
  51703.0000   1.00   50.0000000 .800000000 0.0        0.0       
  52140.0000   1.00   72.0000000 .050000000 0.0        0.0       
  55330.0000   1.00   46.6670000 .200000000 0.0        0.0       
  56365.0000   1.00   97.3330000 .600000000 0.0        0.0       
  58900.0000   1.00   .400000000 .400000000 0.0        0.0       
  61695.0000   1.00   16.0000000 .307000000 0.0        0.0       
  62459.0000   1.00   53.3330000 .307000000 0.0        0.0       
  65489.0000   1.00   106.670000 .307000000 0.0        0.0       
  71500.0000   1.00   .130000000 .150000000 0.0        0.0       
  72150.0000   1.00   .200000000 .200000000 0.0        0.0       
  75107.0000   1.00   26.6670000 .420000000 0.0        0.0       
  75740.0000   1.00   202.670000 .450000000 0.0        0.0       
  76940.0000   1.00   493.330000 1.00000000 0.0        0.0       
  85210.0000   1.00   40.0000000 .307000000 0.0        0.0       
  92538.0000   1.00   245.330000 .600000000 0.0        0.0       
  97269.0000   1.00   54.6670000 .500000000 0.0        0.0       
  100590.000   1.00   18.6670000 .307000000 0.0        0.0       
  104170.000   1.00   84.0000000 .307000000 0.0        0.0       
  106850.000   1.00   8.00000000 .307000000 0.0        0.0       
  113970.000   1.00   196.000000 .307000000 0.0        0.0       
  119070.000   1.00   534.670000 .307000000 0.0        0.0       
  120150.000   1.00   60.0000000 .307000000 0.0        0.0       
  124550.000   1.00   556.000000 .307000000 0.0        0.0       
  132370.000   1.00   177.330000 .307000000 0.0        0.0       
  133200.000   1.00   113.330000 .307000000 0.0        0.0       
  133340.000   1.00   469.330000 .307000000 0.0        0.0       
  138550.000   1.00   253.330000 .307000000 0.0        0.0       
  140040.000   1.00   132.000000 .307000000 0.0        0.0       
  140660.000   1.00   488.000000 .307000000 0.0        0.0       
  144980.000   1.00   160.000000 .307000000 0.0        0.0       
  146820.000   1.00   57.3330000 .307000000 0.0        0.0       
  148510.000   1.00   46.6670000 .307000000 0.0        0.0       
  153070.000   1.00   181.330000 .307000000 0.0        0.0       
  161400.000   1.00   288.000000 .307000000 0.0        0.0       
  166910.000   1.00   202.670000 .307000000 0.0        0.0       
  170820.000   1.00   213.330000 .307000000 0.0        0.0       
  173750.000   1.00   40.0000000 .307000000 0.0        0.0       
  176960.000   1.00   308.000000 .307000000 0.0        0.0       
  177590.000   1.00   124.000000 .307000000 0.0        0.0       
  181600.000   1.00   129.330000 .307000000 0.0        0.0       
  186510.000   1.00   233.330000 .307000000 0.0        0.0       
  190210.000   1.00   48.0000000 .307000000 0.0        0.0       
  200160.000   1.00   218.670000 .307000000 0.0        0.0       
  202040.000   1.00   177.330000 .307000000 0.0        0.0       
  204300.000   1.00   222.670000 .307000000 0.0        0.0       
  209590.000   1.00   257.330000 .307000000 0.0        0.0       
  216560.000   1.00   294.670000 .307000000 0.0        0.0       
  221940.000   1.00   1041.30000 .307000000 0.0        0.0       
  227450.000   1.00   70.6670000 .307000000 0.0        0.0       
  228070.000   1.00   54.6670000 .307000000 0.0        0.0       
  230260.000   1.00   730.670000 .307000000 0.0        0.0       
  233000.000   1.00   10.6670000 .307000000 0.0        0.0       
  235880.000   1.00   473.330000 .307000000 0.0        0.0       
  238780.000   1.00   222.670000 .307000000 0.0        0.0       
  244770.000   1.00   809.330000 .307000000 0.0        0.0       
  246950.000   1.00   598.670000 .307000000 0.0        0.0       
  253550.000   1.00   757.330000 .307000000 0.0        0.0       
  262230.000   1.00   1932.00000 .307000000 0.0        0.0       
  267070.000   1.00   218.670000 .307000000 0.0        0.0       
  278660.000   1.00   605.330000 .307000000 0.0        0.0       
  279500.000   1.00   693.330000 .307000000 0.0        0.0       
  280810.000   1.00   174.670000 .307000000 0.0        0.0       
  284980.000   1.00   626.670000 .307000000 0.0        0.0       
  285930.000   1.00   1782.70000 .307000000 0.0        0.0       
  291250.000   1.00   4006.70000 .307000000 0.0        0.0       
  302930.000   1.00   1486.70000 .307000000 0.0        0.0       
  314450.000   1.00   278.670000 .307000000 0.0        0.0       
  320520.000   1.00   406.670000 .307000000 0.0        0.0       
  325980.000   1.00   208.000000 .307000000 0.0        0.0       
  328570.000   1.00   324.000000 .307000000 0.0        0.0       
  331380.000   1.00   216.000000 .307000000 0.0        0.0       
  335620.000   1.00   818.670000 .307000000 0.0        0.0       
  335990.000   1.00   860.000000 .307000000 0.0        0.0       
  344070.000   1.00   220.000000 .307000000 0.0        0.0       
  346180.000   1.00   377.330000 .307000000 0.0        0.0       
  347360.000   1.00   222.670000 .307000000 0.0        0.0       
  349290.000   1.00   270.670000 .307000000 0.0        0.0       
  358300.000   1.00   3188.00000 .307000000 0.0        0.0       
  363910.000   1.00   1678.70000 .307000000 0.0        0.0       
  368220.000   1.00   1558.70000 .307000000 0.0        0.0       
  372890.000   1.00   533.330000 .307000000 0.0        0.0       
  372970.000   1.00   520.000000 .307000000 0.0        0.0       
  375280.000   1.00   433.330000 .307000000 0.0        0.0       
  379380.000   1.00   4968.00000 .307000000 0.0        0.0       
  388300.000   1.00   373.330000 .307000000 0.0        0.0       
  390220.000   1.00   570.670000 .307000000 0.0        0.0       
  392960.000   1.00   418.670000 .307000000 0.0        0.0       
  393340.000   1.00   206.670000 .307000000 0.0        0.0       
  394820.000   1.00   177.330000 .307000000 0.0        0.0       
  402080.000   1.00   221.330000 .307000000 0.0        0.0       
  404380.000   1.00   421.330000 .307000000 0.0        0.0       
  405560.000   1.00   1930.70000 .307000000 0.0        0.0       
  407710.000   1.00   1064.00000 .307000000 0.0        0.0       
  408930.000   1.00   346.670000 .307000000 0.0        0.0       
  412240.000   1.00   305.330000 .307000000 0.0        0.0       
  418010.000   1.00   301.330000 .307000000 0.0        0.0       
  422350.000   1.00   910.670000 .307000000 0.0        0.0       
  424320.000   1.00   1942.70000 .307000000 0.0        0.0       
  426800.000   1.00   977.330000 .307000000 0.0        0.0       
  430580.000   1.00   1690.70000 .307000000 0.0        0.0       
  435500.000   1.00   416.000000 .307000000 0.0        0.0       
  440010.000   1.00   613.330000 .307000000 0.0        0.0       
  441290.000   1.00   634.670000 .307000000 0.0        0.0       
  442180.000   1.00   786.670000 .307000000 0.0        0.0       
  446730.000   1.00   412.000000 .307000000 0.0        0.0       
  452170.000   1.00   1781.30000 .307000000 0.0        0.0       
  458070.000   1.00   331.330000 .307000000 0.0        0.0       
  464600.000   1.00   305.330000 .307000000 0.0        0.0       
  466930.000   1.00   322.670000 .307000000 0.0        0.0       
  470400.000   1.00   600.000000 .307000000 0.0        0.0       
  475000.000   1.00   1877.30000 .307000000 0.0        0.0       
  477040.000   1.00   361.330000 .307000000 0.0        0.0       
  482170.000   1.00   326.670000 .307000000 0.0        0.0       
  484460.000   1.00   272.000000 .307000000 0.0        0.0       
  486720.000   1.00   353.330000 .307000000 0.0        0.0       
  491200.000   1.00   646.670000 .307000000 0.0        0.0       
  495300.000   1.00   1225.30000 .307000000 0.0        0.0       
  500930.000   1.00   369.330000 .307000000 0.0        0.0       
  501490.000   1.00   1753.30000 .307000000 0.0        0.0       
  503180.000   1.00   365.330000 .307000000 0.0        0.0       
  505710.000   1.00   2302.70000 .307000000 0.0        0.0       
  508580.000   1.00   228.000000 .307000000 0.0        0.0       
  512650.000   1.00   1100.00000 .307000000 0.0        0.0       
  520550.000   1.00   128.000000 .307000000 0.0        0.0       
  525130.000   1.00   1804.00000 .307000000 0.0        0.0       
  526160.000   1.00   608.000000 .307000000 0.0        0.0       
  531120.000   1.00   561.330000 .307000000 0.0        0.0       
  536550.000   1.00   4108.00000 .307000000 0.0        0.0       
  539770.000   1.00   3925.30000 .307000000 0.0        0.0       
  546200.000   1.00   752.000000 .307000000 0.0        0.0       
  549600.000   1.00   1680.00000 .307000000 0.0        0.0       
  552800.000   1.00   760.000000 .307000000 0.0        0.0       
  554620.000   1.00   298.670000 .307000000 0.0        0.0       
  559700.000   1.00   866.670000 .307000000 0.0        0.0       
  560640.000   1.00   893.330000 .307000000 0.0        0.0       
  567690.000   1.00   1321.30000 .307000000 0.0        0.0       
  571790.000   1.00   1308.00000 .307000000 0.0        0.0       
  573390.000   1.00   430.670000 .307000000 0.0        0.0       
  575350.000   1.00   2454.70000 .307000000 0.0        0.0       
  580350.000   1.00   132.000000 .307000000 0.0        0.0       
  583810.000   1.00   133.330000 .307000000 0.0        0.0       
  589210.000   1.00   582.670000 .307000000 0.0        0.0       
  600050.000   1.00   200.000000 .307000000 0.0        0.0       
  607820.000   1.00   266.670000 .307000000 0.0        0.0       
  612890.000   1.00   213.330000 .307000000 0.0        0.0       
  613580.000   1.00   140.000000 .307000000 0.0        0.0       
  617260.000   1.00   1317.30000 .307000000 0.0        0.0       
  619700.000   1.00   1805.30000 .307000000 0.0        0.0       
  621490.000   1.00   8250.70000 .307000000 0.0        0.0       
  642930.000   1.00   5774.70000 .307000000 0.0        0.0       
  651200.000   1.00   1710.70000 .307000000 0.0        0.0       
  656980.000   1.00   11637.0000 .307000000 0.0        0.0       
  663990.000   1.00   185.330000 .307000000 0.0        0.0       
  667500.000   1.00   340.000000 .307000000 0.0        0.0       
  669050.000   1.00   3981.30000 .307000000 0.0        0.0       
  670850.000   1.00   502.670000 .307000000 0.0        0.0       
  678860.000   1.00   2009.30000 .307000000 0.0        0.0       
  685780.000   1.00   5104.00000 .307000000 0.0        0.0       
  700000.000   1.00   1253.30000 .307000000 0.0        0.0       
  706160.000   1.00   134.670000 .307000000 0.0        0.0       
  715760.000   1.00   86.6670000 .307000000 0.0        0.0       
  716500.000   1.00   137.330000 .307000000 0.0        0.0       
  719500.000   1.00   514.670000 .307000000 0.0        0.0       
  720850.000   1.00   766.670000 .307000000 0.0        0.0       
  726400.000   1.00   1533.30000 .307000000 0.0        0.0       
  730670.000   1.00   662.670000 .307000000 0.0        0.0       
  732700.000   1.00   773.330000 .307000000 0.0        0.0       
  734700.000   1.00   412.000000 .307000000 0.0        0.0       
 ------------------------------------------------------------------------------
  4779.00000   2.00   .033600000 .503000000 0.0        0.0       
  38314.0000   2.00   7.00000000 .313000000 0.0        0.0       
  41008.0000   2.00   12.0000000 .099200000 0.0        0.0       
  62661.0000   2.00   205.600000 .307000000 0.0        0.0       
  68621.0000   2.00   168.800000 .307000000 0.0        0.0       
  70486.0000   2.00   48.0000000 .280000000 0.0        0.0       
  83525.0000   2.00   60.0000000 .307000000 0.0        0.0       
  85440.0000   2.00   129.600000 .320000000 0.0        0.0       
  89835.0000   2.00   203.200000 .200000000 0.0        0.0       
  91200.0000   2.00   .200000000 .307000000 0.0        0.0       
  94125.0000   2.00   20.0000000 .200000000 0.0        0.0       
  102580.000   2.00   28.0000000 .307000000 0.0        0.0       
  104120.000   2.00   12.0000000 .307000000 0.0        0.0       
  105910.000   2.00   9.60000000 .307000000 0.0        0.0       
  112740.000   2.00   332.000000 .307000000 0.0        0.0       
  117200.000   2.00   84.8000000 .307000000 0.0        0.0       
  123110.000   2.00   88.0000000 .307000000 0.0        0.0       
  127210.000   2.00   259.200000 .307000000 0.0        0.0       
  133500.000   2.00   32.8000000 .307000000 0.0        0.0       
  136120.000   2.00   256.000000 .307000000 0.0        0.0       
  140540.000   2.00   40.0000000 .307000000 0.0        0.0       
  141770.000   2.00   269.600000 .307000000 0.0        0.0       
  144080.000   2.00   120.000000 .307000000 0.0        0.0       
  150740.000   2.00   140.000000 .307000000 0.0        0.0       
  161310.000   2.00   521.600000 .307000000 0.0        0.0       
  166170.000   2.00   160.000000 .307000000 0.0        0.0       
  171360.000   2.00   169.600000 .307000000 0.0        0.0       
  175870.000   2.00   132.000000 .307000000 0.0        0.0       
  176860.000   2.00   526.400000 .307000000 0.0        0.0       
  181260.000   2.00   800.000000 .307000000 0.0        0.0       
  189440.000   2.00   133.600000 .307000000 0.0        0.0       
  193990.000   2.00   280.000000 .307000000 0.0        0.0       
  195460.000   2.00   119.200000 .307000000 0.0        0.0       
  208560.000   2.00   360.800000 .307000000 0.0        0.0       
  217440.000   2.00   312.000000 .307000000 0.0        0.0       
  220180.000   2.00   161.600000 .307000000 0.0        0.0       
  222500.000   2.00   237.600000 .307000000 0.0        0.0       
  223750.000   2.00   202.400000 .307000000 0.0        0.0       
  233620.000   2.00   799.200000 .307000000 0.0        0.0       
  245130.000   2.00   190.400000 .307000000 0.0        0.0       
  247640.000   2.00   601.600000 .307000000 0.0        0.0       
  250960.000   2.00   256.000000 .307000000 0.0        0.0       
  252610.000   2.00   150.400000 .307000000 0.0        0.0       
  256600.000   2.00   236.800000 .307000000 0.0        0.0       
  259080.000   2.00   720.000000 .307000000 0.0        0.0       
  262360.000   2.00   60.8000000 .307000000 0.0        0.0       
  263310.000   2.00   68.0000000 .307000000 0.0        0.0       
  264400.000   2.00   63.2000000 .307000000 0.0        0.0       
  268470.000   2.00   304.000000 .307000000 0.0        0.0       
  270340.000   2.00   1032.00000 .307000000 0.0        0.0       
  275120.000   2.00   273.600000 .307000000 0.0        0.0       
  277050.000   2.00   320.000000 .307000000 0.0        0.0       
  280160.000   2.00   130.400000 .307000000 0.0        0.0       
  281900.000   2.00   578.400000 .307000000 0.0        0.0       
  289980.000   2.00   63.2000000 .307000000 0.0        0.0       
  294550.000   2.00   84.8000000 .307000000 0.0        0.0       
  296970.000   2.00   720.000000 .307000000 0.0        0.0       
  298290.000   2.00   368.000000 .307000000 0.0        0.0       
  299520.000   2.00   880.000000 .307000000 0.0        0.0       
  301850.000   2.00   320.000000 .307000000 0.0        0.0       
  305470.000   2.00   674.000000 .307000000 0.0        0.0       
  306510.000   2.00   880.000000 .307000000 0.0        0.0       
  308710.000   2.00   1040.00000 .307000000 0.0        0.0       
  315330.000   2.00   320.000000 .307000000 0.0        0.0       
  319960.000   2.00   284.000000 .307000000 0.0        0.0       
  323300.000   2.00   241.600000 .307000000 0.0        0.0       
  329250.000   2.00   920.000000 .307000000 0.0        0.0       
  333040.000   2.00   236.000000 .307000000 0.0        0.0       
  336670.000   2.00   322.400000 .307000000 0.0        0.0       
  339680.000   2.00   282.400000 .307000000 0.0        0.0       
  341150.000   2.00   217.600000 .307000000 0.0        0.0       
  342710.000   2.00   928.800000 .307000000 0.0        0.0       
  345100.000   2.00   560.000000 .307000000 0.0        0.0       
  350780.000   2.00   520.000000 .307000000 0.0        0.0       
  361300.000   2.00   576.800000 .307000000 0.0        0.0       
  363300.000   2.00   279.200000 .307000000 0.0        0.0       
  366120.000   2.00   1936.00000 .307000000 0.0        0.0       
  369060.000   2.00   767.200000 .307000000 0.0        0.0       
  369760.000   2.00   284.000000 .307000000 0.0        0.0       
  377480.000   2.00   368.000000 .307000000 0.0        0.0       
  379800.000   2.00   1303.20000 .307000000 0.0        0.0       
  384220.000   2.00   1920.00000 .307000000 0.0        0.0       
  386630.000   2.00   400.000000 .307000000 0.0        0.0       
  398330.000   2.00   215.200000 .307000000 0.0        0.0       
  409330.000   2.00   2400.00000 .307000000 0.0        0.0       
  411340.000   2.00   885.600000 .307000000 0.0        0.0       
  413150.000   2.00   161.600000 .307000000 0.0        0.0       
  413540.000   2.00   256.000000 .307000000 0.0        0.0       
  415640.000   2.00   480.000000 .307000000 0.0        0.0       
  419080.000   2.00   260.000000 .307000000 0.0        0.0       
  420820.000   2.00   1044.80000 .307000000 0.0        0.0       
  423540.000   2.00   1052.80000 .307000000 0.0        0.0       
  425170.000   2.00   1279.20000 .307000000 0.0        0.0       
  427630.000   2.00   480.000000 .307000000 0.0        0.0       
  432500.000   2.00   1189.60000 .307000000 0.0        0.0       
  434620.000   2.00   306.400000 .307000000 0.0        0.0       
  436410.000   2.00   473.600000 .307000000 0.0        0.0       
  440360.000   2.00   225.600000 .307000000 0.0        0.0       
  445300.000   2.00   3200.00000 .307000000 0.0        0.0       
  453800.000   2.00   298.400000 .307000000 0.0        0.0       
  455600.000   2.00   720.800000 .307000000 0.0        0.0       
  462570.000   2.00   1440.80000 .307000000 0.0        0.0       
  469070.000   2.00   200.800000 .307000000 0.0        0.0       
  470110.000   2.00   2428.00000 .307000000 0.0        0.0       
  479490.000   2.00   800.400000 .307000000 0.0        0.0       
  480090.000   2.00   1473.60000 .307000000 0.0        0.0       
  488620.000   2.00   1600.00000 .307000000 0.0        0.0       
  490010.000   2.00   445.600000 .307000000 0.0        0.0       
  490660.000   2.00   560.000000 .307000000 0.0        0.0       
  492020.000   2.00   800.000000 .307000000 0.0        0.0       
  493050.000   2.00   2000.80000 .307000000 0.0        0.0       
  496460.000   2.00   1218.40000 .307000000 0.0        0.0       
  498440.000   2.00   560.000000 .307000000 0.0        0.0       
  502300.000   2.00   2480.00000 .307000000 0.0        0.0       
  503710.000   2.00   560.000000 .307000000 0.0        0.0       
  506320.000   2.00   1303.20000 .307000000 0.0        0.0       
  510160.000   2.00   920.800000 .307000000 0.0        0.0       
  513600.000   2.00   600.000000 .307000000 0.0        0.0       
  514580.000   2.00   1155.20000 .307000000 0.0        0.0       
  518250.000   2.00   428.000000 .307000000 0.0        0.0       
  524050.000   2.00   2572.80000 .307000000 0.0        0.0       
  525500.000   2.00   1753.60000 .307000000 0.0        0.0       
  528610.000   2.00   640.000000 .307000000 0.0        0.0       
  531850.000   2.00   411.200000 .307000000 0.0        0.0       
  533370.000   2.00   462.400000 .307000000 0.0        0.0       
  535110.000   2.00   1517.60000 .307000000 0.0        0.0       
  537350.000   2.00   6124.80000 .307000000 0.0        0.0       
  540000.000   2.00   616.000000 .307000000 0.0        0.0       
  547370.000   2.00   1765.60000 .307000000 0.0        0.0       
  550340.000   2.00   370.400000 .307000000 0.0        0.0       
  551530.000   2.00   640.000000 .307000000 0.0        0.0       
  556890.000   2.00   510.400000 .307000000 0.0        0.0       
  558420.000   2.00   1650.40000 .307000000 0.0        0.0       
  561710.000   2.00   720.000000 .307000000 0.0        0.0       
  564800.000   2.00   400.800000 .307000000 0.0        0.0       
  570860.000   2.00   3816.80000 .307000000 0.0        0.0       
  573700.000   2.00   323.200000 .307000000 0.0        0.0       
  576630.000   2.00   800.000000 .307000000 0.0        0.0       
  579940.000   2.00   574.400000 .307000000 0.0        0.0       
  587110.000   2.00   608.000000 .307000000 0.0        0.0       
  591400.000   2.00   1664.00000 .307000000 0.0        0.0       
  596110.000   2.00   552.000000 .307000000 0.0        0.0       
  598230.000   2.00   568.000000 .307000000 0.0        0.0       
  603970.000   2.00   696.000000 .307000000 0.0        0.0       
  608850.000   2.00   508.000000 .307000000 0.0        0.0       
  611000.000   2.00   648.000000 .307000000 0.0        0.0       
  615130.000   2.00   1552.00000 .307000000 0.0        0.0       
  615460.000   2.00   1751.20000 .307000000 0.0        0.0       
  622420.000   2.00   7931.20000 .307000000 0.0        0.0       
  625620.000   2.00   534.400000 .307000000 0.0        0.0       
  626220.000   2.00   444.800000 .307000000 0.0        0.0       
  627240.000   2.00   1588.00000 .307000000 0.0        0.0       
  628990.000   2.00   3037.60000 .307000000 0.0        0.0       
  632250.000   2.00   1348.80000 .307000000 0.0        0.0       
  635400.000   2.00   2256.00000 .307000000 0.0        0.0       
  636550.000   2.00   4096.00000 .307000000 0.0        0.0       
  638520.000   2.00   3246.40000 .307000000 0.0        0.0       
  640900.000   2.00   264.800000 .307000000 0.0        0.0       
  645420.000   2.00   1277.60000 .307000000 0.0        0.0       
  646910.000   2.00   1394.40000 .307000000 0.0        0.0       
  648660.000   2.00   692.800000 .307000000 0.0        0.0       
  652170.000   2.00   1257.60000 .307000000 0.0        0.0       
  653600.000   2.00   1136.00000 .307000000 0.0        0.0       
  657880.000   2.00   2609.60000 .307000000 0.0        0.0       
  658990.000   2.00   350.400000 .307000000 0.0        0.0       
  660770.000   2.00   936.000000 .307000000 0.0        0.0       
  661610.000   2.00   234.400000 .307000000 0.0        0.0       
  663190.000   2.00   160.000000 .307000000 0.0        0.0       
  672920.000   2.00   1024.00000 .307000000 0.0        0.0       
  673770.000   2.00   1193.60000 .307000000 0.0        0.0       
  675200.000   2.00   2546.40000 .307000000 0.0        0.0       
  676700.000   2.00   2178.40000 .307000000 0.0        0.0       
  681540.000   2.00   2283.20000 .307000000 0.0        0.0       
  684050.000   2.00   1304.00000 .307000000 0.0        0.0       
  686900.000   2.00   1128.00000 .307000000 0.0        0.0       
  688170.000   2.00   1901.60000 .307000000 0.0        0.0       
  689520.000   2.00   1506.40000 .307000000 0.0        0.0       
  691200.000   2.00   1284.80000 .307000000 0.0        0.0       
  692240.000   2.00   2295.20000 .307000000 0.0        0.0       
  693850.000   2.00   592.800000 .307000000 0.0        0.0       
  696000.000   2.00   536.000000 .307000000 0.0        0.0       
  697250.000   2.00   536.800000 .307000000 0.0        0.0       
  702300.000   2.00   1388.00000 .307000000 0.0        0.0       
  705250.000   2.00   3020.00000 .307000000 0.0        0.0       
  707570.000   2.00   1176.00000 .307000000 0.0        0.0       
  710480.000   2.00   3349.60000 .307000000 0.0        0.0       
  714000.000   2.00   753.600000 .307000000 0.0        0.0       
  723160.000   2.00   2544.80000 .307000000 0.0        0.0       
  724960.000   2.00   2803.20000 .307000000 0.0        0.0       
  726590.000   2.00   1530.40000 .307000000 0.0        0.0       
  728800.000   2.00   1096.80000 .307000000 0.0        0.0       
  736800.000   2.00   3828.00000 .307000000 0.0        0.0       
 ------------------------------------------------------------------------------
 WARNING...WARNING...WARNING...WARNING...WARNING...WARNING...WARNING...WARNING
 FOR L =  1 Expect Sum of Statistical Weights (GJ) to Equal
 (2*L + 1) =  3.000
 Found     =  2.250
 Corrective Action Will be Taken to Correctly Calculate
 the Potential Scattering Cross Section - This Procedure is
 Based on the Decision of the National Nuclear Data Center,
 Brookhaven National Laboratory, Private Communication,
 Charles Dunford, (April 1991)
 ------------------------------------------------------------------------------
 Summary of the Above Section
 ------------------------------------------------------------------------------
 Section Number.........--------------          2
 L Value................--------------          1
 Total Number of Resonances-----------        546
 Number With Non-ZERO Fission Width---          0
 Number With 2 Non-ZERO Fission Widths          0
 ==============================================================================
 Summary of Calculated MT #
 ------------------------------------------------------------------------------
    1    2  102
 ==============================================================================
 Reconstructing Cross Sections from Resonance Parameters
 ==============================================================================
        E-Low     E-High   Points   Type of Resonance Region
        (eV)       (eV)   Generated Messages
 ==============================================================================
   1.00000E-5 100000.000      51159 Resolved
 ==============================================================================
 Entire Resonance Region      51159 Points
 ==============================================================================
 Summary of Output MT #
 ------------------------------------------------------------------------------
    1    2  102
 ==============================================================================
 Combining File 2 and File 3 Data
 ==============================================================================
 Reaction   MT  File 2  File 3  Combined
                Points  Points    Points Comments
 ==============================================================================
    Total    1   51159       0     51159 No Background. Output Resonance Part.
  Elastic    2   51159       0     51159 No Background. Output Resonance Part.
  Capture  102   51159       0     51159 No Background. Output Resonance Part.
 ==============================================================================
 ------------------------------------------------------------------------------
 All Cross Sections Read. Maximum Tabulated Energy =  100000.000 eV
 ------------------------------------------------------------------------------
 ===============================================================================
      MAT Total Execution Time                0.78 Seconds
 ===============================================================================
 ******************************************************************************
 End of ENDF/B Input Data
 ******************************************************************************
 Core Allocation and Requirements
 ==============================================================================
         Sections   Nodes Parameter
                            Storage
 ==============================================================================
 Allocated    100  100000    100000
 Required       2     112       696
 ==============================================================================
 End of Run
 ==============================================================================
 ===============================================================================
 SIGMA1   Total Execution Time                0.78 Seconds
 ===============================================================================
