                                                     MT=  1
 MAT 3925                         293.160004 Kelvin Unshielded Cross Sections                           39-Y -89   

   No.  Group-eV   Average      No.  Group-eV   Average      No.  Group-eV   Average      No.  Group-eV   Average

     1 1.00000E-5 109.906406    177 .033113112 8.75533671    353 109.647820 6.74069409    529 363078.055 0.0       
     2 1.04713E-5 107.442272    178 .034673685 8.73225380    354 114.815362 6.71264814    530 380189.396 0.0       
     3 1.09648E-5 104.998774    179 .036307805 8.70808302    355 120.226443 6.68706493    531 398107.171 0.0       
     4 1.14815E-5 102.664727    180 .038018940 8.68277311    356 125.892541 6.66028080    532 416869.383 0.0       
     5 1.20226E-5 100.317947    181 .039810717 8.65627038    357 131.825674 6.63223437    533 436515.832 0.0       
     6 1.25893E-5 98.1015316    182 .041686938 8.62851862    358 138.038426 6.60286616    534 457088.190 0.0       
     7 1.31826E-5 95.8534353    183 .043651583 8.60315748    359 144.543977 6.57211386    535 478630.092 0.0       
     8 1.38038E-5 93.7434305    184 .045708819 8.58366506    360 151.356125 6.53991226    536 501187.234 0.0       
     9 1.44544E-5 91.5952945    185 .047863009 8.56342096    361 158.489319 6.50881293    537 524807.460 0.0       
    10 1.51356E-5 89.5815748    186 .050118723 8.54222280    362 165.958691 6.48138894    538 549540.874 0.0       
    11 1.58489E-5 87.5340453    187 .052480746 8.52002559    363 173.780083 6.45280431    539 575439.937 0.0       
    12 1.65959E-5 85.6075010    188 .054954087 8.49678226    364 181.970086 6.42287252    540 602559.586 0.0       
    13 1.73780E-5 83.6606772    189 .057543994 8.47253126    365 190.546072 6.39153009    541 630957.344 0.0       
    14 1.81970E-5 81.8130924    190 .060255959 8.45323228    366 199.526231 6.35871054    542 660693.448 0.0       
    15 1.90546E-5 79.9665533    191 .063095734 8.43678786    367 208.929613 6.32575890    543 691830.971 0.0       
    16 1.99526E-5 78.1905854    192 .066069345 8.41956845    368 218.776162 6.29753134    544 724435.960 0.0       
    17 2.08930E-5 76.4433684    193 .069183097 8.40153750    369 229.086765 6.26871848    545 758577.575 0.0       
    18 2.18776E-5 74.7327531    194 .072443596 8.38265679    370 239.883292 6.23854771    546 794328.235 0.0       
    19 2.29087E-5 73.0805289    195 .075857758 8.36288625    371 251.188643 6.20695504    547 831763.771 0.0       
    20 2.39883E-5 71.4352717    196 .079432823 8.34218396    372 263.026799 6.17387345    548 870963.590 0.0       
    21 2.51189E-5 69.8700517    197 .083176377 8.32484334    373 275.422870 6.14256935    549 912010.839 0.0       
    22 2.63027E-5 68.2918989    198 .087096359 8.31134604    374 288.403150 6.11517558    550 954992.586 0.0       
    23 2.75423E-5 66.8054422    199 .091201084 8.29721356    375 301.995172 6.08656046    551 1000000.00 0.0       
    24 2.88403E-5 65.2956206    200 .095499259 8.28241505    376 316.227766 6.05659675    552 1047128.55 0.0       
    25 3.01995E-5 63.8804599    201 .100000000 8.26691910    377 331.131121 6.02522090    553 1096478.20 0.0       
    26 3.16228E-5 62.4397102    202 .104712855 8.25069285    378 346.736850 5.99317616    554 1148153.62 0.0       
    27 3.31131E-5 61.0891430    203 .109647820 8.23370188    379 363.078055 5.96628681    555 1202264.43 0.0       
    28 3.46737E-5 59.7178107    204 .114815362 8.21611731    380 380.189396 5.93961277    556 1258925.41 0.0       
    29 3.63078E-5 58.4257960    205 .120226443 8.20318809    381 398.107171 5.91168162    557 1318256.74 0.0       
    30 3.80189E-5 57.1238444    206 .125892541 8.19210665    382 416.869383 5.88243411    558 1380384.26 0.0       
    31 3.98107E-5 55.8849610    207 .131825674 8.18050296    383 436.515832 5.85188564    559 1445439.77 0.0       
    32 4.16869E-5 54.6520347    208 .138038426 8.16835240    384 457.088190 5.82534232    560 1513561.25 0.0       
    33 4.36516E-5 53.4614233    209 .144543977 8.15562920    385 478.630092 5.80092123    561 1584893.19 0.0       
    34 4.57088E-5 52.2964394    210 .151356125 8.14230638    386 501.187234 5.77534920    562 1659586.91 0.0       
    35 4.78630E-5 51.1506335    211 .158489319 8.12835567    387 524.807460 5.74857201    563 1737800.83 0.0       
    36 5.01187E-5 50.0498737    212 .165958691 8.11374748    388 549.540874 5.72053284    564 1819700.86 0.0       
    37 5.24807E-5 48.9515110    213 .173780083 8.10027472    389 575.439937 5.69455258    565 1905460.72 0.0       
    38 5.49541E-5 47.9146938    214 .181970086 8.09135955    390 602.559586 5.67260288    566 1995262.31 0.0       
    39 5.75440E-5 46.8545663    215 .190546072 8.08233890    391 630.957344 5.64967635    567 2089296.13 0.0       
    40 6.02560E-5 45.8702492    216 .199526231 8.07289311    392 660.693448 5.62566933    568 2187761.62 0.0       
    41 6.30957E-5 44.8637818    217 .208929613 8.06300216    393 691.830971 5.60053089    569 2290867.65 0.0       
    42 6.60693E-5 43.9175079    218 .218776162 8.05264507    394 724.435960 5.57528044    570 2398832.92 0.0       
    43 6.91831E-5 42.9736444    219 .229086765 8.04179985    395 758.577575 5.55505309    571 2511886.43 0.0       
    44 7.24436E-5 42.0531317    220 .239883292 8.03044352    396 794.328235 5.53487105    572 2630267.99 0.0       
    45 7.58578E-5 41.1718500    221 .251188643 8.01855198    397 831.763771 5.51373786    573 2754228.70 0.0       
    46 7.94328E-5 40.2810151    222 .263026799 8.00634877    398 870.963590 5.49160870    574 2884031.50 0.0       
    47 8.31764E-5 39.4512651    223 .275422870 7.99812015    399 912.010839 5.46843760    575 3019951.72 0.0       
    48 8.70964E-5 38.6003227    224 .288403150 7.99121606    400 954.992586 5.44806713    576 3162277.66 0.0       
    49 9.12011E-5 37.8088468    225 .301995172 7.98398658    401 1000.00000 5.43044344    577 3311311.21 0.0       
    50 9.54993E-5 37.0063156    226 .316227766 7.97641639    402 1047.12855 5.41198917    578 3467368.50 0.0       
    51 1.00000E-4 36.2419216    227 .331131121 7.96848943    403 1096.47820 5.39266517    579 3630780.55 0.0       
    52 1.04713E-4 35.4928167    228 .346736850 7.96018888    404 1148.15362 5.37243047    580 3801893.96 0.0       
    53 1.09648E-4 34.7493942    229 .363078055 7.95149714    405 1202.26443 5.35129091    581 3981071.71 0.0       
    54 1.14815E-4 34.0493028    230 .380189396 7.94239577    406 1258.92541 5.33286326    582 4168693.83 0.0       
    55 1.20226E-4 33.3349022    231 .398107171 7.93286547    407 1318.25674 5.31590923    583 4365158.32 0.0       
    56 1.25893E-4 32.6727096    232 .416869383 7.92288601    408 1380.38426 5.29815619    584 4570881.90 0.0       
    57 1.31826E-4 31.9950436    233 .436515832 7.91417778    409 1445.43977 5.27956647    585 4786300.92 0.0       
    58 1.38038E-4 31.3605278    234 .457088190 7.90890868    410 1513.56125 5.26010064    586 5011872.34 0.0       
    59 1.44544E-4 30.7259103    235 .478630092 7.90352728    411 1584.89319 5.23971742    587 5248074.60 0.0       
    60 1.51356E-4 30.1105578    236 .501187234 7.89789227    412 1659.58691 5.21837356    588 5495408.74 0.0       
    61 1.58489E-4 29.5197440    237 .524807460 7.89199169    413 1737.80083 5.19602380    589 5754399.37 0.0       
    62 1.65959E-4 28.9246272    238 .549540874 7.88581302    414 1819.70086 5.17262073    590 6025595.86 0.0       
    63 1.73780E-4 28.3706463    239 .575439937 7.87934316    415 1905.46072 5.14811470    591 6309573.44 0.0       
    64 1.81970E-4 27.8029375    240 .602559586 7.87256839    416 1995.26231 5.12245374    592 6606934.48 0.0       
    65 1.90546E-4 27.2766699    241 .630957344 7.86547433    417 2089.29613 5.08748296    593 6918309.71 0.0       
    66 1.99526E-4 26.7421111    242 .660693448 7.85804594    418 2187.76162 5.04106816    594 7244359.60 0.0       
    67 2.08930E-4 26.2357131    243 .691830971 7.85026746    419 2290.86765 4.96523535    595 7585775.75 0.0       
    68 2.18776E-4 25.7380849    244 .724435960 7.84212239    420 2398.83292 4.79025673    596 7943282.35 0.0       
    69 2.29087E-4 25.2467325    245 .758577575 7.83504021    421 2511.88643 26.9645548    597 8317637.71 0.0       
    70 2.39883E-4 24.7835980    246 .794328235 7.83101250    422 2630.26799 6.02928581    598 8709635.90 0.0       
    71 2.51189E-4 24.3124501    247 .831763771 7.82693239    423 2754.22870 5.37761776    599 9120108.39 0.0       
    72 2.63027E-4 23.8785623    248 .870963590 7.82265999    424 2884.03150 5.23523725    600 9549925.86 0.0       
    73 2.75423E-4 23.4323378    249 .912010839 7.81818624    425 3019.95172 5.12732742    601 10000000.0 0.0       
    74 2.88403E-4 23.0129495    250 .954992586 7.81350165    426 3162.27766 4.94075077    602 10471285.5 0.0       
    75 3.01995E-4 22.6027640    251 1.00000000 7.80859628    427 3311.31121 9.85009216    603 10964782.0 0.0       
    76 3.16228E-4 22.1912000    252 1.04712855 7.80345972    428 3467.36850 5.43667382    604 11481536.2 0.0       
    77 3.31131E-4 21.8119442    253 1.09647820 7.79808109    429 3630.78055 5.27735232    605 12022644.3 0.0       
    78 3.46737E-4 21.4205080    254 1.14815362 7.79244897    430 3801.89396 5.21903672    606 12589254.1 0.0       
    79 3.63078E-4 21.0582015    255 1.20226443 7.78655142    431 3981.07171 5.18089630    607 13182567.4 0.0       
    80 3.80189E-4 20.6971231    256 1.25892541 7.78037593    432 4168.69383 5.15575626    608 13803842.6 0.0       
    81 3.98107E-4 20.3413585    257 1.31825674 7.77390939    433 4365.15832 5.13005036    609 14454397.7 0.0       
    82 4.16869E-4 20.0097618    258 1.38038426 7.76713809    434 4570.88190 5.27472772    610 15135612.5 0.0       
    83 4.36516E-4 19.6682351    259 1.44543977 7.76183774    435 4786.30092 5.09412463    611 15848931.9 0.0       
    84 4.57088E-4 19.3550614    260 1.51356125 7.75869874    436 5011.87234 5.07590157    612 16595869.1 0.0       
    85 4.78630E-4 19.0379037    261 1.58489319 7.75542361    437 5248.07460 5.05900920    613 17378008.3 0.0       
    86 5.01187E-4 18.7328721    262 1.65958691 7.75199414    438 5495.40874 5.45785409    614 18197008.6 0.0       
    87 5.24807E-4 18.4442120    263 1.73780083 7.74840304    439 5754.39937 5.02309652    615 19054607.2 0.0       
    88 5.49541E-4 18.1460514    264 1.81970086 7.74464269    440 6025.59586 5.00256355    616 19952623.1 0.0       
    89 5.75440E-4 17.8747925    265 1.90546072 7.74070513    441 6309.57344 4.98106342    617 20892961.3 0.0       
    90 6.02560E-4 17.6013793    266 1.99526231 7.73658199    442 6606.93448 4.95855001    618 21877616.2 0.0       
    91 6.30957E-4 17.3314707    267 2.08929613 7.73226454    443 6918.30971 4.93354407    619 22908676.5 0.0       
    92 6.60693E-4 17.0831938    268 2.18776162 7.72774361    444 7244.35960 5.17265889    620 23988329.2 0.0       
    93 6.91831E-4 16.8253902    269 2.29086765 7.72300961    445 7585.77575 4.93559916    621 25118864.3 0.0       
    94 7.24436E-4 16.5883495    270 2.39883292 7.71805251    446 7943.28235 4.88559418    622 26302679.9 0.0       
    95 7.58578E-4 16.3555603    271 2.51188643 7.71286179    447 8317.63771 4.84066771    623 27542287.0 0.0       
    96 7.94328E-4 16.1170747    272 2.63026799 7.70742644    448 8709.63590 4.79366242    624 28840315.0 0.0       
    97 8.31764E-4 15.9026991    273 2.75422870 7.70173493    449 9120.10839 7.23177281    625 30199517.2 0.0       
    98 8.70964E-4 15.6847811    274 2.88403150 7.69577518    450 9549.92586 5.68043101    626 31622776.6 0.0       
    99 9.12011E-4 15.4683535    275 3.01995172 7.68996234    451 10000.0000 4.70744913    627 33113112.1 0.0       
   100 9.54993E-4 15.2720670    276 3.16227766 7.68649961    452 10471.2855 4.69561692    628 34673685.0 0.0       
   101 .001000000 15.0680481    277 3.31131121 7.68332075    453 10964.7820 4.08562255    629 36307805.5 0.0       
   102 .001047129 14.8749458    278 3.46736850 7.67999207    454 11481.5362 17.0081410    630 38018939.6 0.0       
   103 .001096478 14.6935330    279 3.63078055 7.67650652    455 12022.6443 5.72119592    631 39810717.1 0.0       
   104 .001148154 14.5038027    280 3.80189396 7.67285670    456 12589.2541 7.55510028    632 41686938.3 0.0       
   105 .001202264 14.3283922    281 3.98107171 7.66903487    457 13182.5674 5.44513152    633 43651583.2 0.0       
   106 .001258925 14.1603534    282 4.16869383 7.66503292    458 13803.8426 6.04487664    634 45708819.0 0.0       
   107 .001318257 13.9852742    283 4.36515832 7.66084237    459 14454.3977 4.33713867    635 47863009.2 0.0       
   108 .001380384 13.8265895    284 4.57088190 7.65645432    460 15135.6125 11.0422574    636 50118723.4 0.0       
   109 .001445440 13.6717374    285 4.78630092 7.65185947    461 15848.9319 5.59664082    637 52480746.0 0.0       
   110 .001513561 13.5101288    286 5.01187234 7.64704807    462 16595.8691 5.31036167    638 54954087.4 0.0       
   111 .001584893 13.3632281    287 5.24807460 7.64200992    463 17378.0083 5.17196469    639 57543993.7 0.0       
   112 .001659587 13.2212339    288 5.49540874 7.63673432    464 18197.0086 5.10009512    640 60255958.6 0.0       
   113 .001737801 13.0728436    289 5.75439937 7.63121010    465 19054.6072 5.03391153    641 63095734.4 0.0       
   114 .001819701 12.9374257    290 6.02559586 7.62542552    466 19952.6231 6.16381049    642 66069344.8 0.0       
   115 .001905461 12.8078659    291 6.30957344 7.61936833    467 20892.9613 4.94736588    643 69183097.1 0.0       
   116 .001995262 12.6722002    292 6.60693448 7.61302567    468 21877.6162 5.15813242    644 72443596.0 0.0       
   117 .002089296 12.5435315    293 6.91830971 7.60638409    469 22908.6765 9.23542600    645 75857757.5 0.0       
   118 .002187762 12.4258260    294 7.24435960 7.59942950    470 23988.3292 12.5004012    646 79432823.5 0.0       
   119 .002290868 12.3026263    295 7.58577575 7.59290951    471 25118.8643 3.75008342    647 83176377.1 0.0       
   120 .002398833 12.1814771    296 7.94328235 7.58814690    472 26302.6799 8.50827255    648 87096359.0 0.0       
   121 .002511886 12.0742654    297 8.31763771 7.58327365    473 27542.2870 4.82633834    649 91201083.9 0.0       
   122 .002630268 11.9629221    298 8.70963590 7.57817073    474 28840.3150 17.7150240    650 95499258.6 0.0       
   123 .002754229 11.8484781    299 9.12010839 7.57282732    475 30199.5172 6.71293345    651 100000000. 0.0       
   124 .002884032 11.7486665    300 9.54992586 7.56723208    476 31622.7766 6.64494318    652 104712855. 0.0       
   125 .003019952 11.6490712    301 10.0000000 7.56137315    477 33113.1121 5.48857565    653 109647820. 0.0       
   126 .003162278 11.5447820    302 10.4712855 7.55523809    478 34673.6850 10.7028765    654 114815362. 0.0       
   127 .003311311 11.4459413    303 10.9647820 7.54881390    479 36307.8055 4.62760441    655 120226443. 0.0       
   128 .003467369 11.3576389    304 11.4815362 7.54208694    480 38018.9396 6.51211242    656 125892541. 0.0       
   129 .003630781 11.2652998    305 12.0226443 7.53504295    481 39810.7171 4.99984325    657 131825674. 0.0       
   130 .003801894 11.1693628    306 12.5892541 7.52766699    482 41686.9383 8.28473594    658 138038426. 0.0       
   131 .003981072 11.0855193    307 13.1825674 7.51994341    483 43651.5832 5.28471304    659 144543977. 0.0       
   132 .004168694 11.0045820    308 13.8038426 7.51185583    484 45708.8190 4.84360739    660 151356125. 0.0       
   133 .004365158 10.9198304    309 14.4543977 7.50338710    485 47863.0092 4.42308591    661 158489319. 0.0       
   134 .004570882 10.8333480    310 15.1356125 7.49451924    486 50118.7234 7.12761018    662 165958691. 0.0       
   135 .004786301 10.7597792    311 15.8489319 7.48523346    487 52480.7460 10.2117061    663 173780083. 0.0       
   136 .005011872 10.6862373    312 16.5958691 7.47551005    488 54954.0874 10.2845890    664 181970086. 0.0       
   137 .005248075 10.6092295    313 17.3780083 7.46965311    489 57543.9937 5.75570395    665 190546072. 0.0       
   138 .005495409 10.5311569    314 18.1970086 7.48854762    490 60255.9586 11.8870686    666 199526231. 0.0       
   139 .005754399 10.4653513    315 19.0546072 9.17636086    491 63095.7344 7.27129782    667 208929613. 0.0       
   140 .006025596 10.3991981    316 19.9526231 7.57995563    492 66069.3448 10.2552092    668 218776162. 0.0       
   141 .006309573 10.3299271    317 20.8929613 7.43727460    493 69183.0971 6.96379833    669 229086765. 0.0       
   142 .006606934 10.2588522    318 21.8776162 7.41912932    494 72443.5960 7.46342505    670 239883292. 0.0       
   143 .006918310 10.1989945    319 22.9086765 7.40089386    495 75857.7575 11.3481810    671 251188643. 0.0       
   144 .007244360 10.1400787    320 23.9883292 7.38842806    496 79432.8235 4.34697341    672 263026799. 0.0       
   145 .007585776 10.0783862    321 25.1188643 7.37740004    497 83176.3771 12.3142690    673 275422870. 0.0       
   146 .007943282 10.0139345    322 26.3026799 7.36585229    498 87096.3590 8.35313380    674 288403150. 0.0       
   147 .008317638 9.95760469    323 27.5422870 7.35376030    499 91201.0839 7.53482947    675 301995172. 0.0       
   148 .008709636 9.90565168    324 28.8403150 7.34109844    500 95499.2586 5.60693178    676 316227766. 0.0       
   149 .009120108 9.85125020    325 30.1995172 7.32783985    501 100000.000 0.0           677 331131121. 0.0       
   150 .009549926 9.79428485    326 31.6227766 7.31395640    502 104712.855 0.0           678 346736850. 0.0       
   151 .010000000 9.73894508    327 33.1131121 7.29941864    503 109647.820 0.0           679 363078055. 0.0       
   152 .010471285 9.69292905    328 34.6736850 7.28419573    504 114815.362 0.0           680 380189396. 0.0       
   153 .010964782 9.64543045    329 36.3078055 7.26825539    505 120226.443 0.0           681 398107171. 0.0       
   154 .011481536 9.59569330    330 38.0189396 7.25156381    506 125892.541 0.0           682 416869383. 0.0       
   155 .012022644 9.54379713    331 39.8107171 7.23408558    507 131825.674 0.0           683 436515832. 0.0       
   156 .012589254 9.49935808    332 41.6869383 7.21578362    508 138038.426 0.0           684 457088190. 0.0       
   157 .013182567 9.45852014    333 43.6515832 7.19661912    509 144543.977 0.0           685 478630092. 0.0       
   158 .013803843 9.41575757    334 45.7088190 7.17730125    510 151356.125 0.0           686 501187234. 0.0       
   159 .014454398 9.37097967    335 47.8630092 7.16038013    511 158489.319 0.0           687 524807460. 0.0       
   160 .015135612 9.32469273    336 50.1187234 7.14305113    512 165958.691 0.0           688 549540874. 0.0       
   161 .015848932 9.28665368    337 52.4807460 7.12490545    513 173780.083 0.0           689 575439937. 0.0       
   162 .016595869 9.25063860    338 54.9540874 7.10590458    514 181970.086 0.0           690 602559586. 0.0       
   163 .017378008 9.21292619    339 57.5439937 7.08600823    515 190546.072 0.0           691 630957344. 0.0       
   164 .018197009 9.17343645    340 60.2559586 7.06517419    516 199526.231 0.0           692 660693448. 0.0       
   165 .019054607 9.13217425    341 63.0957344 7.04335827    517 208929.613 0.0           693 691830971. 0.0       
   166 .019952623 9.09707728    342 66.0693448 7.02051421    518 218776.162 0.0           694 724435960. 0.0       
   167 .020892961 9.06567358    343 69.1830971 6.99659353    519 229086.765 0.0           695 758577575. 0.0       
   168 .021877616 9.03278987    344 72.4435960 6.97154551    520 239883.292 0.0           696 794328235. 0.0       
   169 .022908677 8.99835640    345 75.8577575 6.94598236    521 251188.643 0.0           697 831763771. 0.0       
   170 .023988329 8.96230013    346 79.4328235 6.92358325    522 263026.799 0.0           698 870963590. 0.0       
   171 .025118864 8.92926796    347 83.1763771 6.90092379    523 275422.870 0.0           699 912010839. 0.0       
   172 .026302680 8.90243843    348 87.0963590 6.87719643    524 288403.150 0.0           700 954992586. 0.0       
   173 .027542287 8.87445734    349 91.2010839 6.85235083    525 301995.172 0.0           701 1.00000E+9
   174 .028840315 8.84515755    350 95.4992586 6.82633429    526 316227.766 0.0       
   175 .030199517 8.81447690    351 100.000000 6.79909163    527 331131.121 0.0       
   176 .031622777 8.78237393    352 104.712855 6.77056507    528 346736.850 0.0       
 
                                                     MT=  2
 MAT 3925                         293.160004 Kelvin Unshielded Cross Sections                           39-Y -89   

   No.  Group-eV   Average      No.  Group-eV   Average      No.  Group-eV   Average      No.  Group-eV   Average

     1 1.00000E-5 46.0299772    177 .033113112 7.64946306    353 109.647820 6.73616236    529 363078.055 0.0       
     2 1.04713E-5 45.0121107    178 .034673685 7.64852531    354 114.815362 6.70805575    530 380189.396 0.0       
     3 1.09648E-5 44.0035852    179 .036307805 7.64754337    355 120.226443 6.67862453    531 398107.171 0.0       
     4 1.14815E-5 43.0400884    180 .038018940 7.64651515    356 125.892541 6.64790809    532 416869.383 0.0       
     5 1.20226E-5 42.0719467    181 .039810717 7.64543847    357 131.825674 6.62035173    533 436515.832 0.0       
     6 1.25893E-5 41.1578138    182 .041686938 7.64431105    358 138.038426 6.59401386    534 457088.190 0.0       
     7 1.31826E-5 40.2309985    183 .043651583 7.64313050    359 144.543977 6.56643472    535 478630.092 0.0       
     8 1.38038E-5 39.3615681    184 .045708819 7.64189430    360 151.356125 6.53755582    536 501187.234 0.0       
     9 1.44544E-5 38.4766254    185 .047863009 7.64059985    361 158.489319 6.50731589    537 524807.460 0.0       
    10 1.51356E-5 37.6477008    186 .050118723 7.63924440    362 165.958691 6.47565081    538 549540.874 0.0       
    11 1.58489E-5 36.8049182    187 .052480746 7.63782506    363 173.780083 6.44291529    539 575439.937 0.0       
    12 1.65959E-5 36.0127192    188 .054954087 7.63633883    364 181.970086 6.41441352    540 602559.586 0.0       
    13 1.73780E-5 35.2121479    189 .057543994 7.63478256    365 190.546072 6.38641439    541 630957.344 0.0       
    14 1.81970E-5 34.4532891    190 .060255959 7.63315294    366 199.526231 6.35709571    542 660693.448 0.0       
    15 1.90546E-5 33.6948047    191 .063095734 7.63144652    367 208.929613 6.32639528    543 691830.971 0.0       
    16 1.99526E-5 32.9684404    192 .066069345 7.62965968    368 218.776162 6.29424799    544 724435.960 0.0       
    17 2.08930E-5 32.2554506    193 .069183097 7.62778863    369 229.086765 6.26092648    545 758577.575 0.0       
    18 2.18776E-5 31.5465440    194 .072443596 7.62589851    370 239.883292 6.23198716    546 794328.235 0.0       
    19 2.29087E-5 30.8786655    195 .075857758 7.62529121    371 251.188643 6.20387040    547 831763.771 0.0       
    20 2.39883E-5 30.1965027    196 .079432823 7.62519356    372 263.026799 6.17442854    548 870963.590 0.0       
    21 2.51189E-5 29.5631940    197 .083176377 7.62509132    373 275.422870 6.14359913    549 912010.839 0.0       
    22 2.63027E-5 28.9151547    198 .087096359 7.62498425    374 288.403150 6.11131678    550 954992.586 0.0       
    23 2.75423E-5 28.3069567    199 .091201084 7.62487214    375 301.995172 6.07960234    551 1000000.00 0.0       
    24 2.88403E-5 27.6989445    200 .095499259 7.62475475    376 316.227766 6.05271685    552 1047128.55 0.0       
    25 3.01995E-5 27.1077609    201 .100000000 7.62463182    377 331.131121 6.02499184    553 1096478.20 0.0       
    26 3.16228E-5 26.5403042    202 .104712855 7.62450310    378 346.736850 5.99596019    554 1148153.62 0.0       
    27 3.31131E-5 25.9678199    203 .109647820 7.62436831    379 363.078055 5.96556032    555 1202264.43 0.0       
    28 3.46737E-5 25.4342082    204 .114815362 7.62422717    380 380.189396 5.93404836    556 1258925.41 0.0       
    29 3.63078E-5 24.8870835    205 .120226443 7.62407938    381 398.107171 5.90723550    557 1318256.74 0.0       
    30 3.80189E-5 24.3787279    206 .125892541 7.62392462    382 416.869383 5.88155088    558 1380384.26 0.0       
    31 3.98107E-5 23.8625292    207 .131825674 7.62376257    383 436.515832 5.85465578    559 1445439.77 0.0       
    32 4.16869E-5 23.3721790    208 .138038426 7.62359289    384 457.088190 5.82649315    560 1513561.25 0.0       
    33 4.36516E-5 22.8904478    209 .144543977 7.62341520    385 478.630092 5.79700434    561 1584893.19 0.0       
    34 4.57088E-5 22.4136682    210 .151356125 7.62322915    386 501.187234 5.77059242    562 1659586.91 0.0       
    35 4.78630E-5 21.9639931    211 .158489319 7.62303432    387 524.807460 5.74719571    563 1737800.83 0.0       
    36 5.01187E-5 21.5056949    212 .165958691 7.62283031    388 549.540874 5.72269636    564 1819700.86 0.0       
    37 5.24807E-5 21.0810600    213 .173780083 7.62261669    389 575.439937 5.69704238    565 1905460.72 0.0       
    38 5.49541E-5 20.6462910    214 .181970086 7.62239300    390 602.559586 5.67017937    566 1995262.31 0.0       
    39 5.75440E-5 20.2400871    215 .190546072 7.62215877    391 630.957344 5.64482720    567 2089296.13 0.0       
    40 6.02560E-5 19.8330090    216 .199526231 7.62191349    392 660.693448 5.62370878    568 2187761.62 0.0       
    41 6.30957E-5 19.4397071    217 .208929613 7.62165666    393 691.830971 5.60173273    569 2290867.65 0.0       
    42 6.60693E-5 19.0612003    218 .218776162 7.62138773    394 724.435960 5.57872097    570 2398832.92 0.0       
    43 6.91831E-5 18.6808650    219 .229086765 7.62110612    395 758.577575 5.55462471    571 2511886.43 0.0       
    44 7.24436E-5 18.3267774    220 .239883292 7.62081124    396 794.328235 5.53043817    572 2630267.99 0.0       
    45 7.58578E-5 17.9641165    221 .251188643 7.62050246    397 831.763771 5.51108003    573 2754228.70 0.0       
    46 7.94328E-5 17.6285601    222 .263026799 7.62017912    398 870.963590 5.49175461    574 2884031.50 0.0       
    47 8.31764E-5 17.2873589    223 .275422870 7.61984056    399 912.010839 5.47151842    575 3019951.72 0.0       
    48 8.70964E-5 16.9652759    224 .288403150 7.61948603    400 954.992586 5.45032852    576 3162277.66 0.0       
    49 9.12011E-5 16.6481888    225 .301995172 7.61911480    401 1000.00000 5.42813998    577 3311311.21 0.0       
    50 9.54993E-5 16.3362105    226 .316227766 7.61872607    402 1047.12855 5.40800230    578 3467368.50 0.0       
    51 1.00000E-4 16.0419887    227 .331131121 7.61831902    403 1096.47820 5.39113545    579 3630780.55 0.0       
    52 1.04713E-4 15.7432443    228 .346736850 7.61789278    404 1148.15362 5.37349609    580 3801893.96 0.0       
    53 1.09648E-4 15.4686826    229 .363078055 7.61744646    405 1202.26443 5.35502541    581 3981071.71 0.0       
    54 1.14815E-4 15.1861511    230 .380189396 7.61697910    406 1258.92541 5.33568424    582 4168693.83 0.0       
    55 1.20226E-4 14.9218895    231 .398107171 7.61648972    407 1318.25674 5.31543154    583 4365158.32 0.0       
    56 1.25893E-4 14.6630871    232 .416869383 7.61597728    408 1380.38426 5.29490052    584 4570881.90 0.0       
    57 1.31826E-4 14.4043114    233 .436515832 7.61544068    409 1445.43977 5.27637894    585 4786300.92 0.0       
    58 1.38038E-4 14.1663705    234 .457088190 7.61487879    410 1513.56125 5.25733438    586 5011872.34 0.0       
    59 1.44544E-4 13.9208681    235 .478630092 7.61429043    411 1584.89319 5.23739229    587 5248074.60 0.0       
    60 1.51356E-4 13.6948955    236 .501187234 7.61367433    412 1659.58691 5.21651035    588 5495408.74 0.0       
    61 1.58489E-4 13.4694987    237 .524807460 7.61302920    413 1737.80083 5.19464427    589 5754399.37 0.0       
    62 1.65959E-4 13.2485535    238 .549540874 7.61235367    414 1819.70086 5.17174768    590 6025595.86 0.0       
    63 1.73780E-4 13.0430924    239 .575439937 7.61164629    415 1905.46072 5.14777200    591 6309573.44 0.0       
    64 1.81970E-4 12.8318997    240 .602559586 7.61090558    416 1995.26231 5.12250735    592 6606934.48 0.0       
    65 1.90546E-4 12.6403899    241 .630957344 7.61012997    417 2089.29613 5.08623849    593 6918309.71 0.0       
    66 1.99526E-4 12.4465652    242 .660693448 7.60931780    418 2187.76162 5.04004662    594 7244359.60 0.0       
    67 2.08930E-4 12.2569533    243 .691830971 7.60846735    419 2290.86765 4.96273390    595 7585775.75 0.0       
    68 2.18776E-4 12.0828980    244 .724435960 7.60757682    420 2398.83292 4.78229941    596 7943282.35 0.0       
    69 2.29087E-4 11.9022621    245 .758577575 7.60664432    421 2511.88643 22.0666723    597 8317637.71 0.0       
    70 2.39883E-4 11.7375681    246 .794328235 7.60566788    422 2630.26799 5.98019042    598 8709635.90 0.0       
    71 2.51189E-4 11.5751945    247 .831763771 7.60464541    423 2754.22870 5.37356848    599 9120108.39 0.0       
    72 2.63027E-4 11.4124305    248 .870963590 7.60357476    424 2884.03150 5.23261609    600 9549925.86 0.0       
    73 2.75423E-4 11.2659413    249 .912010839 7.60245365    425 3019.95172 5.12607118    601 10000000.0 0.0       
    74 2.88403E-4 11.1145157    250 .954992586 7.60140900    426 3162.27766 4.93984809    602 10471285.5 0.0       
    75 3.01995E-4 10.9738894    251 1.00000000 7.60086376    427 3311.31121 9.53842686    603 10964782.0 0.0       
    76 3.16228E-4 10.8400447    252 1.04712855 7.60035433    428 3467.36850 5.43632095    604 11481536.2 0.0       
    77 3.31131E-4 10.7016113    253 1.09647820 7.59982089    429 3630.78055 5.27725836    605 12022644.3 0.0       
    78 3.46737E-4 10.5782223    254 1.14815362 7.59926231    430 3801.89396 5.21894920    606 12589254.1 0.0       
    79 3.63078E-4 10.4555430    255 1.20226443 7.59867740    431 3981.07171 5.18030840    607 13182567.4 0.0       
    80 3.80189E-4 10.3321327    256 1.25892541 7.59806493    432 4168.69383 5.15564983    608 13803842.6 0.0       
    81 3.98107E-4 10.2236384    257 1.31825674 7.59742360    433 4365.15832 5.13142669    609 14454397.7 0.0       
    82 4.16869E-4 10.1122563    258 1.38038426 7.59675204    434 4570.88190 5.11930032    610 15135612.5 0.0       
    83 4.36516E-4 10.0024072    259 1.44543977 7.59604883    435 4786.30092 5.09358417    611 15848931.9 0.0       
    84 4.57088E-4 9.90633117    260 1.51356125 7.59531247    436 5011.87234 5.07690497    612 16595869.1 0.0       
    85 4.78630E-4 9.80683612    261 1.58489319 7.59454142    437 5248.07460 5.05944590    613 17378008.3 0.0       
    86 5.01187E-4 9.70821503    262 1.65958691 7.59373403    438 5495.40874 5.25637414    614 18197008.6 0.0       
    87 5.24807E-4 9.62290512    263 1.73780083 7.59288858    439 5754.39937 5.02451121    615 19054607.2 0.0       
    88 5.49541E-4 9.53492821    264 1.81970086 7.59200329    440 6025.59586 5.00357295    616 19952623.1 0.0       
    89 5.75440E-4 9.44728247    265 1.90546072 7.59107628    441 6309.57344 4.98164791    617 20892961.3 0.0       
    90 6.02560E-4 9.37224899    266 1.99526231 7.59010558    442 6606.93448 4.95868956    618 21877616.2 0.0       
    91 6.30957E-4 9.29525937    267 2.08929613 7.58908913    443 6918.30971 4.93263826    619 22908676.5 0.0       
    92 6.60693E-4 9.21666684    268 2.18776162 7.58802478    444 7244.35960 5.13069464    620 23988329.2 0.0       
    93 6.91831E-4 9.15050391    269 2.29086765 7.58691027    445 7585.77575 4.93548785    621 25118864.3 0.0       
    94 7.24436E-4 9.08471437    270 2.39883292 7.58574323    446 7943.28235 4.88550529    622 26302679.9 0.0       
    95 7.58578E-4 9.01582427    271 2.51188643 7.58452119    447 8317.63771 4.84052374    623 27542287.0 0.0       
    96 7.94328E-4 8.95251755    272 2.63026799 7.58324156    448 8709.63590 4.79340005    624 28840315.0 0.0       
    97 8.31764E-4 8.89759612    273 2.75422870 7.58190162    449 9120.10839 7.11243714    625 30199517.2 0.0       
    98 8.70964E-4 8.84012584    274 2.88403150 7.58049853    450 9549.92586 5.59791514    626 31622776.6 0.0       
    99 9.12011E-4 8.78069796    275 3.01995172 7.57902932    451 10000.0000 4.70670682    627 33113112.1 0.0       
   100 9.54993E-4 8.73146552    276 3.16227766 7.57749086    452 10471.2855 4.67687844    628 34673685.0 0.0       
   101 .001000000 8.68466342    277 3.31131121 7.57587990    453 10964.7820 4.08239419    629 36307805.5 0.0       
   102 .001047129 8.63565560    278 3.46736850 7.57419302    454 11481.5362 16.8981360    630 38018939.6 0.0       
   103 .001096478 8.58525736    279 3.63078055 7.57242663    455 12022.6443 5.72010423    631 39810717.1 0.0       
   104 .001148154 8.54465431    280 3.80189396 7.57057700    456 12589.2541 7.44548589    632 41686938.3 0.0       
   105 .001202264 8.50594697    281 3.98107171 7.56864020    457 13182.5674 5.40841229    633 43651583.2 0.0       
   106 .001258925 8.46541541    282 4.16869383 7.56661212    458 13803.8426 5.99461808    634 45708819.0 0.0       
   107 .001318257 8.42301380    283 4.36515832 7.56448846    459 14454.3977 4.29463230    635 47863009.2 0.0       
   108 .001380384 8.38712110    284 4.57088190 7.56226471    460 15135.6125 11.0198476    636 50118723.4 0.0       
   109 .001445440 8.35605593    285 4.78630092 7.55993617    461 15848.9319 5.59313321    637 52480746.0 0.0       
   110 .001513561 8.32352671    286 5.01187234 7.55749788    462 16595.8691 5.30407652    638 54954087.4 0.0       
   111 .001584893 8.28946443    287 5.24807460 7.55494468    463 17378.0083 5.17195766    639 57543993.7 0.0       
   112 .001659587 8.25552547    288 5.49540874 7.55227115    464 18197.0086 5.09511603    640 60255958.6 0.0       
   113 .001737801 8.23008586    289 5.75439937 7.54947162    465 19054.6072 5.03366677    641 63095734.4 0.0       
   114 .001819701 8.20508499    290 6.02559586 7.54654015    466 19952.6231 6.12564774    642 66069344.8 0.0       
   115 .001905461 8.17890587    291 6.30957344 7.54347052    467 20892.9613 4.94524454    643 69183097.1 0.0       
   116 .001995262 8.15149296    292 6.60693448 7.54025623    468 21877.6162 5.14886227    644 72443596.0 0.0       
   117 .002089296 8.12346453    293 6.91830971 7.53689046    469 22908.6765 9.17380378    645 75857757.5 0.0       
   118 .002187762 8.10277397    294 7.24435960 7.53336606    470 23988.3292 12.4284678    646 79432823.5 0.0       
   119 .002290868 8.08376155    295 7.58577575 7.52967556    471 25118.8643 3.74915393    647 83176377.1 0.0       
   120 .002398833 8.06385311    296 7.94328235 7.52581113    472 26302.6799 8.49481993    648 87096359.0 0.0       
   121 .002511886 8.04300641    297 8.31763771 7.52176458    473 27542.2870 4.79278586    649 91201083.9 0.0       
   122 .002630268 8.02117723    298 8.70963590 7.51752732    474 28840.3150 17.6579915    650 95499258.6 0.0       
   123 .002754229 7.99992430    299 9.12010839 7.51309036    475 30199.5172 6.70747442    651 100000000. 0.0       
   124 .002884032 7.98546167    300 9.54992586 7.50844430    476 31622.7766 6.63537656    652 104712855. 0.0       
   125 .003019952 7.97134865    301 10.0000000 7.50357928    477 33113.1121 5.48143550    653 109647820. 0.0       
   126 .003162278 7.95657050    302 10.4712855 7.49848497    478 34673.6850 10.6852706    654 114815362. 0.0       
   127 .003311311 7.94109589    303 10.9647820 7.49315057    479 36307.8055 4.62047222    655 120226443. 0.0       
   128 .003467369 7.92489197    304 11.4815362 7.48756478    480 38018.9396 6.46637507    656 125892541. 0.0       
   129 .003630781 7.90792439    305 12.0226443 7.48171573    481 39810.7171 4.98906110    657 131825674. 0.0       
   130 .003801894 7.89345871    306 12.5892541 7.47559103    482 41686.9383 8.27801424    658 138038426. 0.0       
   131 .003981072 7.88381674    307 13.1825674 7.46917767    483 43651.5832 5.28050581    659 144543977. 0.0       
   132 .004168694 7.87380166    308 13.8038426 7.46246207    484 45708.8190 4.84038602    660 151356125. 0.0       
   133 .004365158 7.86331459    309 14.4543977 7.45542997    485 47863.0092 4.42280598    661 158489319. 0.0       
   134 .004570882 7.85233328    310 15.1356125 7.44806645    486 50118.7234 7.09314450    662 165958691. 0.0       
   135 .004786301 7.84083444    311 15.8489319 7.44035591    487 52480.7460 10.1987873    663 173780083. 0.0       
   136 .005011872 7.82879368    312 16.5958691 7.43228198    488 54954.0874 10.2578314    664 181970086. 0.0       
   137 .005248075 7.81622750    313 17.3780083 7.42382753    489 57543.9937 5.75133944    665 190546072. 0.0       
   138 .005495409 7.80742601    314 18.1970086 7.41497464    490 60255.9586 11.8652789    666 199526231. 0.0       
   139 .005754399 7.80115988    315 19.0546072 7.40570453    491 63095.7344 7.26100247    667 208929613. 0.0       
   140 .006025596 7.79459844    316 19.9526231 7.39599752    492 66069.3448 10.2461857    668 218776162. 0.0       
   141 .006309573 7.78772777    317 20.8929613 7.38583305    493 69183.0971 6.95176875    669 229086765. 0.0       
   142 .006606934 7.78053329    318 21.8776162 7.37518953    494 72443.5960 7.44990734    670 239883292. 0.0       
   143 .006918310 7.77299975    319 22.9086765 7.36404440    495 75857.7575 11.3327152    671 251188643. 0.0       
   144 .007244360 7.76511116    320 23.9883292 7.35237402    496 79432.8235 4.34536126    672 263026799. 0.0       
   145 .007585776 7.75685080    321 25.1188643 7.34027188    497 83176.3771 12.2972603    673 275422870. 0.0       
   146 .007943282 7.74820114    322 26.3026799 7.32941629    498 87096.3590 8.34662699    674 288403150. 0.0       
   147 .008317638 7.74048069    323 27.5422870 7.31867077    499 91201.0839 7.52508621    675 301995172. 0.0       
   148 .008709636 7.73664698    324 28.8403150 7.30741882    500 95499.2586 5.59923441    676 316227766. 0.0       
   149 .009120108 7.73294502    325 30.1995172 7.29563659    501 100000.000 0.0           677 331131121. 0.0       
   150 .009549926 7.72906859    326 31.6227766 7.28329908    502 104712.855 0.0           678 346736850. 0.0       
   151 .010000000 7.72500947    327 33.1131121 7.27038012    503 109647.820 0.0           679 363078055. 0.0       
   152 .010471285 7.72075905    328 34.6736850 7.25685230    504 114815.362 0.0           680 380189396. 0.0       
   153 .010964782 7.71630831    329 36.3078055 7.24268694    505 120226.443 0.0           681 398107171. 0.0       
   154 .011481536 7.71164782    330 38.0189396 7.22785399    506 125892.541 0.0           682 416869383. 0.0       
   155 .012022644 7.70676769    331 39.8107171 7.21232198    507 131825.674 0.0           683 436515832. 0.0       
   156 .012589254 7.70165756    332 41.6869383 7.19605797    508 138038.426 0.0           684 457088190. 0.0       
   157 .013182567 7.69630660    333 43.6515832 7.17902746    509 144543.977 0.0           685 478630092. 0.0       
   158 .013803843 7.69070346    334 45.7088190 7.16119433    510 151356.125 0.0           686 501187234. 0.0       
   159 .014454398 7.68571006    335 47.8630092 7.14252075    511 158489.319 0.0           687 524807460. 0.0       
   160 .015135612 7.68341714    336 50.1187234 7.12296711    512 165958.691 0.0           688 549540874. 0.0       
   161 .015848932 7.68125206    337 52.4807460 7.10249193    513 173780.083 0.0           689 575439937. 0.0       
   162 .016595869 7.67898493    338 54.9540874 7.08223641    514 181970.086 0.0           690 602559586. 0.0       
   163 .017378008 7.67661096    339 57.5439937 7.06420897    515 190546.072 0.0           691 630957344. 0.0       
   164 .018197009 7.67412510    340 60.2559586 7.04550467    516 199526.231 0.0           692 660693448. 0.0       
   165 .019054607 7.67152210    341 63.0957344 7.02591887    517 208929.613 0.0           693 691830971. 0.0       
   166 .019952623 7.66879641    342 66.0693448 7.00541002    518 218776.162 0.0           694 724435960. 0.0       
   167 .020892961 7.66594227    343 69.1830971 6.98393461    519 229086.765 0.0           695 758577575. 0.0       
   168 .021877616 7.66295361    344 72.4435960 6.96144710    520 239883.292 0.0           696 794328235. 0.0       
   169 .022908677 7.65982411    345 75.8577575 6.93789979    521 251188.643 0.0           697 831763771. 0.0       
   170 .023988329 7.65654712    346 79.4328235 6.91324273    522 263026.799 0.0           698 870963590. 0.0       
   171 .025118864 7.65428346    347 83.1763771 6.88742361    523 275422.870 0.0           699 912010839. 0.0       
   172 .026302680 7.65355544    348 87.0963590 6.86054733    524 288403.150 0.0           700 954992586. 0.0       
   173 .027542287 7.65281056    349 91.2010839 6.83649537    525 301995.172 0.0           701 1.00000E+9
   174 .028840315 7.65203058    350 95.4992586 6.81311731    526 316227.766 0.0       
   175 .030199517 7.65121383    351 100.000000 6.78863748    527 331131.121 0.0       
   176 .031622777 7.65035860    352 104.712855 6.76300396    528 346736.850 0.0       
 
                                                     MT=102
 MAT 3925                         293.160004 Kelvin Unshielded Cross Sections                           39-Y -89   

   No.  Group-eV   Average      No.  Group-eV   Average      No.  Group-eV   Average      No.  Group-eV   Average

     1 1.00000E-5 63.8680078    177 .033113112 1.10951798    353 109.647820 .009262501    529 363078.055 0.0       
     2 1.04713E-5 62.4217538    178 .034673685 1.08475077    354 114.815362 .008796118    530 380189.396 0.0       
     3 1.09648E-5 60.9873524    179 .036307805 1.05958549    355 120.226443 .008346218    531 398107.171 0.0       
     4 1.14815E-5 59.6167517    180 .038018940 1.03586134    356 125.892541 .007911810    532 416869.383 0.0       
     5 1.20226E-5 58.2384706    181 .039810717 1.01192703    357 131.825674 .007492590    533 436515.832 0.0       
     6 1.25893E-5 56.9362304    182 .041686938 .989146772    358 138.038426 .007089303    534 457088.190 0.0       
     7 1.31826E-5 55.6152081    183 .043651583 .966437377    359 144.543977 .006701267    535 478630.092 0.0       
     8 1.38038E-5 54.3747546    184 .045708819 .944511847    360 151.356125 .006328388    536 501187.234 0.0       
     9 1.44544E-5 53.1117273    185 .047863009 .923010045    361 158.489319 .005969357    537 524807.460 0.0       
    10 1.51356E-5 51.9271256    186 .050118723 .901871306    362 165.958691 .005626231    538 549540.874 0.0       
    11 1.58489E-5 50.7224618    187 .052480746 .881513298    363 173.780083 .005298281    539 575439.937 0.0       
    12 1.65959E-5 49.5883683    188 .054954087 .861173704    364 181.970086 .004983880    540 602559.586 0.0       
    13 1.73780E-5 48.4421176    189 .057543994 .841855939    365 190.546072 .004683277    541 630957.344 0.0       
    14 1.81970E-5 47.3537092    190 .060255959 .822335336    366 199.526231 .004397009    542 660693.448 0.0       
    15 1.90546E-5 46.2656178    191 .063095734 .803957618    367 208.929613 .004124126    543 691830.971 0.0       
    16 1.99526E-5 45.2185795    192 .066069345 .785269553    368 218.776162 .003863872    544 724435.960 0.0       
    17 2.08930E-5 44.1880786    193 .069183097 .767741414    369 229.086765 .003616857    545 758577.575 0.0       
    18 2.18776E-5 43.1787240    194 .072443596 .749893830    370 239.883292 .003381576    546 794328.235 0.0       
    19 2.29087E-5 42.2032719    195 .075857758 .733133690    371 251.188643 .003158859    547 831763.771 0.0       
    20 2.39883E-5 41.2315872    196 .079432823 .716129559    372 263.026799 .002947909    548 870963.590 0.0       
    21 2.51189E-5 40.3064967    197 .083176377 .700063958    373 275.422870 .002749532    549 912010.839 0.0       
    22 2.63027E-5 39.3734898    198 .087096359 .683901865    374 288.403150 .002560522    550 954992.586 0.0       
    23 2.75423E-5 38.4939226    199 .091201084 .668464747    375 301.995172 .002383057    551 1000000.00 0.0       
    24 2.88403E-5 37.6002988    200 .095499259 .653139417    376 316.227766 .002215632    552 1047128.55 0.0       
    25 3.01995E-5 36.7618663    201 .100000000 .638271478    377 331.131121 .002058230    553 1096478.20 0.0       
    26 3.16228E-5 35.9080482    202 .104712855 .623764143    378 346.736850 .001910109    554 1148153.62 0.0       
    27 3.31131E-5 35.1068071    203 .109647820 .609432463    379 363.078055 .001771163    555 1202264.43 0.0       
    28 3.46737E-5 34.2929874    204 .114815362 .595690174    380 380.189396 .001641326    556 1258925.41 0.0       
    29 3.63078E-5 33.5253786    205 .120226443 .581909673    381 398.107171 .001519966    557 1318256.74 0.0       
    30 3.80189E-5 32.7515289    206 .125892541 .568859656    382 416.869383 .001406254    558 1380384.26 0.0       
    31 3.98107E-5 32.0143533    207 .131825674 .555642664    383 436.515832 .001300184    559 1445439.77 0.0       
    32 4.16869E-5 31.2802603    208 .138038426 .543218201    384 457.088190 .001201083    560 1513561.25 0.0       
    33 4.36516E-5 30.5706449    209 .144543977 .530572871    385 478.630092 .001109283    561 1584893.19 0.0       
    34 4.57088E-5 29.8756707    210 .151356125 .518713737    386 501.187234 .001023728    562 1659586.91 0.0       
    35 4.78630E-5 29.1915576    211 .158489319 .506644510    387 524.807460 9.44688E-4    563 1737800.83 0.0       
    36 5.01187E-5 28.5335146    212 .165958691 .495296416    388 549.540874 8.71208E-4    564 1819700.86 0.0       
    37 5.24807E-5 27.8754136    213 .173780083 .483804444    389 575.439937 8.03110E-4    565 1905460.72 0.0       
    38 5.49541E-5 27.2509036    214 .181970086 .472918518    390 602.559586 7.40520E-4    566 1995262.31 0.0       
    39 5.75440E-5 26.6194431    215 .190546072 .462002053    391 630.957344 6.82670E-4    567 2089296.13 0.0       
    40 6.02560E-5 26.0252381    216 .199526231 .451534365    392 660.693448 6.29357E-4    568 2187761.62 0.0       
    41 6.30957E-5 25.4208445    217 .208929613 .441189092    393 691.830971 5.80587E-4    569 2290867.65 0.0       
    42 6.60693E-5 24.8540318    218 .218776162 .431100251    394 724.435960 5.35576E-4    570 2398832.92 0.0       
    43 6.91831E-5 24.2769518    219 .229086765 .421306928    395 758.577575 4.94496E-4    571 2511886.43 0.0       
    44 7.24436E-5 23.7349022    220 .239883292 .411587014    396 794.328235 4.57175E-4    572 2630267.99 0.0       
    45 7.58578E-5 23.1852199    221 .251188643 .402303327    397 831.763771 4.23113E-4    573 2754228.70 0.0       
    46 7.94328E-5 22.6655690    222 .263026799 .392963049    398 870.963590 3.92208E-4    574 2884031.50 0.0       
    47 8.31764E-5 22.1432303    223 .275422870 .384139817    399 912.010839 3.64430E-4    575 3019951.72 0.0       
    48 8.70964E-5 21.6438510    224 .288403150 .375186776    400 954.992586 3.39497E-4    576 3162277.66 0.0       
    49 9.12011E-5 21.1486759    225 .301995172 .366779561    401 1000.00000 3.17311E-4    577 3311311.21 0.0       
    50 9.54993E-5 20.6676593    226 .316227766 .358218591    402 1047.12855 2.97711E-4    578 3467368.50 0.0       
    51 1.00000E-4 20.1989665    227 .331131121 .350187291    403 1096.47820 2.80750E-4    579 3630780.55 0.0       
    52 1.04713E-4 19.7353886    228 .346736850 .342020768    404 1148.15362 2.66339E-4    580 3801893.96 0.0       
    53 1.09648E-4 19.2913827    229 .363078055 .334329241    405 1202.26443 2.54465E-4    581 3981071.71 0.0       
    54 1.14815E-4 18.8457528    230 .380189396 .326557364    406 1258.92541 2.45330E-4    582 4168693.83 0.0       
    55 1.20226E-4 18.4240750    231 .398107171 .319173085    407 1318.25674 2.38992E-4    583 4365158.32 0.0       
    56 1.25893E-4 17.9967841    232 .416869383 .311794140    408 1380.38426 2.35769E-4    584 4570881.90 0.0       
    57 1.31826E-4 17.5952817    233 .436515832 .304687879    409 1445.43977 2.36285E-4    585 4786300.92 0.0       
    58 1.38038E-4 17.1865836    234 .457088190 .297697627    410 1513.56125 2.41101E-4    586 5011872.34 0.0       
    59 1.44544E-4 16.8033207    235 .478630092 .290844846    411 1584.89319 2.51492E-4    587 5248074.60 0.0       
    60 1.51356E-4 16.4133545    236 .501187234 .284225439    412 1659.58691 2.69423E-4    588 5495408.74 0.0       
    61 1.58489E-4 16.0465818    237 .524807460 .277626927    413 1737.80083 2.98099E-4    589 5754399.37 0.0       
    62 1.65959E-4 15.6753765    238 .549540874 .271346233    414 1819.70086 3.42888E-4    590 6025595.86 0.0       
    63 1.73780E-4 15.3235198    239 .575439937 .265008693    415 1905.46072 4.14344E-4    591 6309573.44 0.0       
    64 1.81970E-4 14.9710112    240 .602559586 .259033931    416 1995.26231 5.33314E-4    592 6606934.48 0.0       
    65 1.90546E-4 14.6326594    241 .630957344 .252962004    417 2089.29613 7.47733E-4    593 6918309.71 0.0       
    66 1.99526E-4 14.2987013    242 .660693448 .247263558    418 2187.76162 .001190553    594 7244359.60 0.0       
    67 2.08930E-4 13.9725957    243 .691830971 .241460049    419 2290.86765 .002357372    595 7585775.75 0.0       
    68 2.18776E-4 13.6565022    244 .724435960 .236011197    420 2398.83292 .007778650    596 7943282.35 0.0       
    69 2.29087E-4 13.3424306    245 .758577575 .230477285    421 2511.88643 4.89791020    597 8317637.71 0.0       
    70 2.39883E-4 13.0427859    246 .794328235 .225253945    422 2630.26799 .049114768    598 8709635.90 0.0       
    71 2.51189E-4 12.7410895    247 .831763771 .219989495    423 2754.22870 .004057618    599 9120108.39 0.0       
    72 2.63027E-4 12.4563089    248 .870963590 .214974961    424 2884.03150 .001520443    600 9549925.86 0.0       
    73 2.75423E-4 12.1672276    249 .912010839 .209985916    425 3019.95172 8.53640E-4    601 10000000.0 0.0       
    74 2.88403E-4 11.8958801    250 .954992586 .205149280    426 3162.27766 8.90610E-4    602 10471285.5 0.0       
    75 3.01995E-4 11.6195651    251 1.00000000 .200406187    427 3311.31121 .311561653    603 10964782.0 0.0       
    76 3.16228E-4 11.3603619    252 1.04712855 .195737083    428 3467.36850 5.44494E-4    604 11481536.2 0.0       
    77 3.31131E-4 11.0968868    253 1.09647820 .191253192    429 3630.78055 2.41152E-4    605 12022644.3 0.0       
    78 3.46737E-4 10.8486653    254 1.14815362 .186764945    430 3801.89396 1.69896E-4    606 12589254.1 0.0       
    79 3.63078E-4 10.5980321    255 1.20226443 .182503989    431 3981.07171 1.35187E-4    607 13182567.4 0.0       
    80 3.80189E-4 10.3597461    256 1.25892541 .178193277    432 4168.69383 1.17521E-4    608 13803842.6 0.0       
    81 3.98107E-4 10.1218952    257 1.31825674 .174135091    433 4365.15832 1.23848E-4    609 14454397.7 0.0       
    82 4.16869E-4 9.89260577    258 1.38038426 .170006007    434 4570.88190 .154658375    610 15135612.5 0.0       
    83 4.36516E-4 9.66738282    259 1.44543977 .166130868    435 4786.30092 .001958395    611 15848931.9 0.0       
    84 4.57088E-4 9.44633028    260 1.51356125 .162184989    436 5011.87234 9.96220E-5    612 16595869.1 0.0       
    85 4.78630E-4 9.23311810    261 1.58489319 .158475050    437 5248.07460 9.77635E-5    613 17378008.3 0.0       
    86 5.01187E-4 9.02037871    262 1.65958691 .154712873    438 5495.40874 .201459112    614 18197008.6 0.0       
    87 5.24807E-4 8.81811727    263 1.73780083 .151152046    439 5754.39937 3.20795E-4    615 19054607.2 0.0       
    88 5.49541E-4 8.61390441    264 1.81970086 .147573112    440 6025.59586 7.06867E-5    616 19952623.1 0.0       
    89 5.75440E-4 8.42153900    265 1.90546072 .144146913    441 6309.57344 5.85836E-5    617 20892961.3 0.0       
    90 6.02560E-4 8.22599961    266 1.99526231 .140749931    442 6606.93448 5.75350E-5    618 21877616.2 0.0       
    91 6.30957E-4 8.04257923    267 2.08929613 .137445344    443 6918.30971 7.53366E-5    619 22908676.5 0.0       
    92 6.60693E-4 7.85580195    268 2.18776162 .134225376    444 7244.35960 .041786734    620 23988329.2 0.0       
    93 6.91831E-4 7.68046749    269 2.29086765 .131036589    445 7585.77575 9.89767E-5    621 25118864.3 0.0       
    94 7.24436E-4 7.50248730    270 2.39883292 .127981130    446 7943.28235 7.93880E-5    622 26302679.9 0.0       
    95 7.58578E-4 7.33446606    271 2.51188643 .124911607    447 8317.63771 1.04210E-4    623 27542287.0 0.0       
    96 7.94328E-4 7.16527272    272 2.63026799 .122004601    448 8709.63590 2.17630E-4    624 28840315.0 0.0       
    97 8.31764E-4 7.00386940    273 2.75422870 .119056944    449 9120.10839 .119206955    625 30199517.2 0.0       
    98 8.70964E-4 6.84341124    274 2.88403150 .116283839    450 9549.92586 .082682987    626 31622776.6 0.0       
    99 9.12011E-4 6.68800175    275 3.01995172 .113459780    451 10000.0000 2.90964E-4    627 33113112.1 0.0       
   100 9.54993E-4 6.53611008    276 3.16227766 .110807452    452 10471.2855 .018478569    628 34673685.0 0.0       
   101 .001000000 6.38629876    277 3.31131121 .108107954    453 10964.7820 .003457418    629 36307805.5 0.0       
   102 .001047129 6.24245326    278 3.46736850 .105564582    454 11481.5362 .110117364    630 38018939.6 0.0       
   103 .001096478 6.09838033    279 3.63078055 .102989930    455 12022.6443 .001077045    631 39810717.1 0.0       
   104 .001148154 5.96182563    280 3.80189396 .100544880    456 12589.2541 .109594431    632 41686938.3 0.0       
   105 .001202264 5.82362408    281 3.98107171 .098094766    457 13182.5674 .036562848    633 43651583.2 0.0       
   106 .001258925 5.69365832    282 4.16869383 .095738476    458 13803.8426 .050295777    634 45708819.0 0.0       
   107 .001318257 5.56141707    283 4.36515832 .093412008    459 14454.3977 .042357339    635 47863009.2 0.0       
   108 .001380384 5.43740673    284 4.57088190 .091135968    460 15135.6125 .022401211    636 50118723.4 0.0       
   109 .001445440 5.31117560    285 4.78630092 .088928335    461 15848.9319 .003466341    637 52480746.0 0.0       
   110 .001513561 5.19254978    286 5.01187234 .086731630    462 16595.8691 .006741998    638 54954087.4 0.0       
   111 .001584893 5.07234408    287 5.24807460 .084633516    463 17378.0083 1.06826E-4    639 57543993.7 0.0       
   112 .001659587 4.95858869    288 5.49540874 .082518709    464 18197.0086 .004860195    640 60255958.6 0.0       
   113 .001737801 4.84439294    289 5.75439937 .080519180    465 19054.6072 3.63645E-4    641 63095734.4 0.0       
   114 .001819701 4.73504591    290 6.02559586 .078487894    466 19952.6231 .038207333    642 66069344.8 0.0       
   115 .001905461 4.62681780    291 6.30957344 .076577568    467 20892.9613 .001971808    643 69183097.1 0.0       
   116 .001995262 4.52146447    292 6.60693448 .074631244    468 21877.6162 .009367446    644 72443596.0 0.0       
   117 .002089296 4.41902741    293 6.91830971 .072801732    469 22908.6765 .061644614    645 75857757.5 0.0       
   118 .002187762 4.31751786    294 7.24435960 .070941393    470 23988.3292 .071914441    646 79432823.5 0.0       
   119 .002290868 4.22045154    295 7.58577575 .069185417    471 25118.8643 .001057996    647 83176377.1 0.0       
   120 .002398833 4.12290016    296 7.94328235 .067411775    472 26302.6799 .013396291    648 87096359.0 0.0       
   121 .002511886 4.03068789    297 8.31763771 .065716516    473 27542.2870 .033610183    649 91201083.9 0.0       
   122 .002630268 3.93717699    298 8.70963590 .064025952    474 28840.3150 .056988600    650 95499258.6 0.0       
   123 .002754229 3.84935160    299 9.12010839 .062410464    475 30199.5172 .005435727    651 100000000. 0.0       
   124 .002884032 3.75993431    300 9.54992586 .060795485    476 31622.7766 .009609740    652 104712855. 0.0       
   125 .003019952 3.67607425    301 10.0000000 .059256990    477 33113.1121 .007318094    653 109647820. 0.0       
   126 .003162278 3.59077782    302 10.4712855 .057717665    478 34673.6850 .017769339    654 114815362. 0.0       
   127 .003311311 3.51050332    303 10.9647820 .056259906    479 36307.8055 .005663749    655 120226443. 0.0       
   128 .003467369 3.42933210    304 11.4815362 .054802472    480 38018.9396 .045806764    656 125892541. 0.0       
   129 .003630781 3.35230141    305 12.0226443 .053431765    481 39810.7171 .010906970    657 131825674. 0.0       
   130 .003801894 3.27523948    306 12.5892541 .052076106    482 41686.9383 .006705916    658 138038426. 0.0       
   131 .003981072 3.20114551    307 13.1825674 .050823007    483 43651.5832 .004177370    659 144543977. 0.0       
   132 .004168694 3.12815477    308 13.8038426 .049622107    484 45708.8190 .003457054    660 151356125. 0.0       
   133 .004365158 3.05673097    309 14.4543977 .048557605    485 47863.0092 2.78916E-4    661 158489319. 0.0       
   134 .004570882 2.98764151    310 15.1356125 .047694733    486 50118.7234 .034525246    662 165958691. 0.0       
   135 .004786301 2.91887376    311 15.8489319 .047204714    487 52480.7460 .012892141    663 173780083. 0.0       
   136 .005011872 2.85336041    312 16.5958691 .047629446    488 54954.0874 .026676310    664 181970086. 0.0       
   137 .005248075 2.78732118    313 17.3780083 .051013558    489 57543.9937 .004255741    665 190546072. 0.0       
   138 .005495409 2.72503995    314 18.1970086 .074236996    490 60255.9586 .021773702    666 199526231. 0.0       
   139 .005754399 2.66178010    315 19.0546072 1.77394374    491 63095.7344 .010254873    667 208929613. 0.0       
   140 .006025596 2.60242042    316 19.9526231 .184438373    492 66069.3448 .009016759    668 218776162. 0.0       
   141 .006309573 2.54197159    317 20.8929613 .050513099    493 69183.0971 .012051347    669 229086765. 0.0       
   142 .006606934 2.48525359    318 21.8776162 .041314913    494 72443.5960 .013539145    670 239883292. 0.0       
   143 .006918310 2.42763053    319 22.9086765 .037857944    495 75857.7575 .015455307    671 251188643. 0.0       
   144 .007244360 2.37330234    320 23.9883292 .035779328    496 79432.8235 .001605491    672 263026799. 0.0       
   145 .007585776 2.31850486    321 25.1188643 .034209152    497 83176.3771 .017030029    673 275422870. 0.0       
   146 .007943282 2.26634002    322 26.3026799 .032874910    498 87096.3590 .006417951    674 288403150. 0.0       
   147 .008317638 2.21435464    323 27.5422870 .031673936    499 91201.0839 .009780559    675 301995172. 0.0       
   148 .008709636 2.16414958    324 28.8403150 .030563462    500 95499.2586 .007483544    676 316227766. 0.0       
   149 .009120108 2.11493561    325 30.1995172 .029488108    501 100000.000 0.0           677 331131121. 0.0       
   150 .009549926 2.06653726    326 31.6227766 .028473353    502 104712.855 0.0           678 346736850. 0.0       
   151 .010000000 2.01994536    327 33.1131121 .027494938    503 109647.820 0.0           679 363078055. 0.0       
   152 .010471285 1.97338335    328 34.6736850 .026535601    504 114815.362 0.0           680 380189396. 0.0       
   153 .010964782 1.92917295    329 36.3078055 .025609894    505 120226.443 0.0           681 398107171. 0.0       
   154 .011481536 1.88449032    330 38.0189396 .024715132    506 125892.541 0.0           682 416869383. 0.0       
   155 .012022644 1.84242900    331 39.8107171 .023830416    507 131825.674 0.0           683 436515832. 0.0       
   156 .012589254 1.79965366    332 41.6869383 .022982061    508 138038.426 0.0           684 457088190. 0.0       
   157 .013182567 1.75953205    333 43.6515832 .022141495    509 144543.977 0.0           685 478630092. 0.0       
   158 .013803843 1.71867959    334 45.7088190 .021328406    510 151356.125 0.0           686 501187234. 0.0       
   159 .014454398 1.68031048    335 47.8630092 .020538445    511 158489.319 0.0           687 524807460. 0.0       
   160 .015135612 1.64138685    336 50.1187234 .019756146    512 165958.691 0.0           688 549540874. 0.0       
   161 .015848932 1.60460329    337 52.4807460 .019005936    513 173780.083 0.0           689 575439937. 0.0       
   162 .016595869 1.56760641    338 54.9540874 .018261213    514 181970.086 0.0           690 602559586. 0.0       
   163 .017378008 1.53226047    339 57.5439937 .017542049    515 190546.072 0.0           691 630957344. 0.0       
   164 .018197009 1.49718249    340 60.2559586 .016845401    516 199526.231 0.0           692 660693448. 0.0       
   165 .019054607 1.46313787    341 63.0957344 .016156284    517 208929.613 0.0           693 691830971. 0.0       
   166 .019952623 1.42993067    342 66.0693448 .015487887    518 218776.162 0.0           694 724435960. 0.0       
   167 .020892961 1.39711486    343 69.1830971 .014841941    519 229086.765 0.0           695 758577575. 0.0       
   168 .021877616 1.36565951    344 72.4435960 .014204114    520 239883.292 0.0           696 794328235. 0.0       
   169 .022908677 1.33403320    345 75.8577575 .013586654    521 251188.643 0.0           697 831763771. 0.0       
   170 .023988329 1.30390643    346 79.4328235 .012995180    522 263026.799 0.0           698 870963590. 0.0       
   171 .025118864 1.27407738    347 83.1763771 .012407166    523 275422.870 0.0           699 912010839. 0.0       
   172 .026302680 1.24548395    348 87.0963590 .011842199    524 288403.150 0.0           700 954992586. 0.0       
   173 .027542287 1.21665156    349 91.2010839 .011291576    525 301995.172 0.0           701 1.00000E+9
   174 .028840315 1.18945541    350 95.4992586 .010761856    526 316227.766 0.0       
   175 .030199517 1.16183460    351 100.000000 .010247116    527 331131.121 0.0       
   176 .031622777 1.13591421    352 104.712855 .009745563    528 346736.850 0.0       
 
